attempting to import more than one parameter_value with {'entity_class_name': 'node', 'entity_byname': ('node',), 'parameter_definition_name': 'Parameter_name', 'alternative_name': 'Base'} - only first will be considered
attempting to import more than one parameter_value with {'entity_class_name': 'node', 'entity_byname': ('node',), 'parameter_definition_name': 'Parameter_name', 'alternative_name': 'Base'} - only first will be considered
attempting to import more than one parameter_value with {'entity_class_name': 'node', 'entity_byname': ('node',), 'parameter_definition_name': 'Parameter_name', 'alternative_name': 'Base'} - only first will be considered
attempting to import more than one parameter_value with {'entity_class_name': 'node', 'entity_byname': ('node',), 'parameter_definition_name': 'Parameter_name', 'alternative_name': 'Base'} - only first will be considered
attempting to import more than one parameter_value with {'entity_class_name': 'node', 'entity_byname': ('node',), 'parameter_definition_name': 'Parameter_name', 'alternative_name': 'Base'} - only first will be considered
attempting to import more than one parameter_value with {'entity_class_name': 'node', 'entity_byname': ('node',), 'parameter_definition_name': 'Parameter_name', 'alternative_name': 'Base'} - only first will be considered
attempting to import more than one parameter_value with {'entity_class_name': 'node', 'entity_byname': ('node',), 'parameter_definition_name': 'Parameter_name', 'alternative_name': 'Base'} - only first will be considered
attempting to import more than one parameter_value with {'entity_class_name': 'node', 'entity_byname': ('node',), 'parameter_definition_name': 'Parameter_name', 'alternative_name': 'Base'} - only first will be considered
attempting to import more than one parameter_value with {'entity_class_name': 'node', 'entity_byname': ('node',), 'parameter_definition_name': 'Parameter_name', 'alternative_name': 'Base'} - only first will be considered
attempting to import more than one parameter_value with {'entity_class_name': 'node', 'entity_byname': ('node',), 'parameter_definition_name': 'Parameter_name', 'alternative_name': 'Base'} - only first will be considered
attempting to import more than one parameter_value with {'entity_class_name': 'node', 'entity_byname': ('node',), 'parameter_definition_name': 'Parameter_name', 'alternative_name': 'Base'} - only first will be considered
attempting to import more than one parameter_value with {'entity_class_name': 'node', 'entity_byname': ('node',), 'parameter_definition_name': 'Parameter_name', 'alternative_name': 'Base'} - only first will be considered
attempting to import more than one parameter_value with {'entity_class_name': 'node', 'entity_byname': ('node',), 'parameter_definition_name': 'Parameter_name', 'alternative_name': 'Base'} - only first will be considered
attempting to import more than one parameter_value with {'entity_class_name': 'node', 'entity_byname': ('node',), 'parameter_definition_name': 'Parameter_name', 'alternative_name': 'Base'} - only first will be considered
attempting to import more than one parameter_value with {'entity_class_name': 'node', 'entity_byname': ('node',), 'parameter_definition_name': 'Parameter_name', 'alternative_name': 'Base'} - only first will be considered
attempting to import more than one parameter_value with {'entity_class_name': 'node', 'entity_byname': ('node',), 'parameter_definition_name': 'Parameter_name', 'alternative_name': 'Base'} - only first will be considered
attempting to import more than one parameter_value with {'entity_class_name': 'node', 'entity_byname': ('node',), 'parameter_definition_name': 'Value', 'alternative_name': 'Base'} - only first will be considered
attempting to import more than one parameter_value with {'entity_class_name': 'node', 'entity_byname': ('node',), 'parameter_definition_name': 'Value', 'alternative_name': 'Base'} - only first will be considered
attempting to import more than one parameter_value with {'entity_class_name': 'node', 'entity_byname': ('node',), 'parameter_definition_name': 'Value', 'alternative_name': 'Base'} - only first will be considered
attempting to import more than one parameter_value with {'entity_class_name': 'node', 'entity_byname': ('node',), 'parameter_definition_name': 'Value', 'alternative_name': 'Base'} - only first will be considered
attempting to import more than one parameter_value with {'entity_class_name': 'node', 'entity_byname': ('node',), 'parameter_definition_name': 'Value', 'alternative_name': 'Base'} - only first will be considered
attempting to import more than one parameter_value with {'entity_class_name': 'node', 'entity_byname': ('node',), 'parameter_definition_name': 'Value', 'alternative_name': 'Base'} - only first will be considered
attempting to import more than one parameter_value with {'entity_class_name': 'node', 'entity_byname': ('node',), 'parameter_definition_name': 'Value', 'alternative_name': 'Base'} - only first will be considered
attempting to import more than one parameter_value with {'entity_class_name': 'node', 'entity_byname': ('node',), 'parameter_definition_name': 'Value', 'alternative_name': 'Base'} - only first will be considered
attempting to import more than one parameter_value with {'entity_class_name': 'node', 'entity_byname': ('node',), 'parameter_definition_name': 'Value', 'alternative_name': 'Base'} - only first will be considered
attempting to import more than one parameter_value with {'entity_class_name': 'node', 'entity_byname': ('node',), 'parameter_definition_name': 'Value', 'alternative_name': 'Base'} - only first will be considered
attempting to import more than one parameter_value with {'entity_class_name': 'node', 'entity_byname': ('node',), 'parameter_definition_name': 'Value', 'alternative_name': 'Base'} - only first will be considered
attempting to import more than one parameter_value with {'entity_class_name': 'node', 'entity_byname': ('node',), 'parameter_definition_name': 'Value', 'alternative_name': 'Base'} - only first will be considered
attempting to import more than one parameter_value with {'entity_class_name': 'node', 'entity_byname': ('node',), 'parameter_definition_name': 'Value', 'alternative_name': 'Base'} - only first will be considered
attempting to import more than one parameter_value with {'entity_class_name': 'node', 'entity_byname': ('node',), 'parameter_definition_name': 'Value', 'alternative_name': 'Base'} - only first will be considered
attempting to import more than one parameter_value with {'entity_class_name': 'node', 'entity_byname': ('node',), 'parameter_definition_name': 'Value', 'alternative_name': 'Base'} - only first will be considered
attempting to import more than one parameter_value with {'entity_class_name': 'node', 'entity_byname': ('node',), 'parameter_definition_name': 'Value', 'alternative_name': 'Base'} - only first will be considered
attempting to import more than one parameter_value with {'entity_class_name': 'connection', 'entity_byname': ('connection',), 'parameter_definition_name': 'Value', 'alternative_name': 'Base'} - only first will be considered
attempting to import more than one parameter_value with {'entity_class_name': 'connection', 'entity_byname': ('connection',), 'parameter_definition_name': 'Value', 'alternative_name': 'Base'} - only first will be considered
attempting to import more than one parameter_value with {'entity_class_name': 'connection', 'entity_byname': ('connection',), 'parameter_definition_name': 'Value', 'alternative_name': 'Base'} - only first will be considered
can't find entity_class with {'name': 'Carbon_Dioxide'}
can't find entity_class with {'name': 'E-Methanol_Storage_Kasso'}
can't find entity_class with {'name': 'Hydrogen_storage_Kasso'}
can't find entity_class with {'name': 'Power_Wholesale'}
can't find entity_class with {'name': 'Raw_Methanol'}
can't find entity_class with {'name': 'Raw_Methanol'}
can't find entity_class with {'name': 'Waste_Heat'}
can't find entity_class with {'name': 'Water'}
can't find entity_class with {'name': 'CO2_Vaporizer'}
can't find entity_class with {'name': 'Methanol_Reactor'}
can't find entity_class with {'name': 'Methanol_Reactor'}
can't find entity_class with {'name': 'Methanol_Reactor'}
can't find entity_class with {'name': 'Destilation_Tower'}
can't find entity_class with {'name': 'Electrolyzer_Kasso'}
can't find entity_class with {'name': 'pipeline_storage_hydrogen'}
can't find entity_class with {'name': 'pipeline_storage_hydrogen'}
can't find entity_class with {'name': 'power_line_Wholesale_Kasso'}
can't find entity_class with {'name': 'pipeline_storage_e-methanol'}
can't find entity_class with {'name': 'pipeline_storage_e-methanol'}
can't find entity_class with {'name': 'pipeline_District_Heating'}
too few elements given for entity (['Power_Kasso', 'Hydrogen_Kasso', 'Electrolyzer_Kasso'])
can't find entity with {'entity_class_name': 'unit__node__node', 'entity_byname': ('Power_Kasso', 'Hydrogen_Kasso', 'Electrolyzer_Kasso')}
