Could not import relationship with objects ('Electrolyzer_Kasso', 'Power_Kasso') into 'unit__from_node': Some of the objects in relationship 'unit__from_node_Electrolyzer_Kasso__Power_Kasso' are invalid.
Could not import relationship with objects ('Solar_Plant_Kasso', 'Power_Kasso') into 'unit__to_node': Some of the objects in relationship 'unit__to_node_Solar_Plant_Kasso__Power_Kasso' are invalid.
Could not import relationship with objects ('Electrolyzer_Kasso', 'Power_Kasso') into 'unit__from_node': Some of the objects in relationship 'unit__from_node_Electrolyzer_Kasso__Power_Kasso' are invalid.
Could not import relationship with objects ('Solar_Plant_Kasso', 'Power_Kasso') into 'unit__to_node': Some of the objects in relationship 'unit__to_node_Solar_Plant_Kasso__Power_Kasso' are invalid.
Could not import parameter value for '['Solar_Plant_Kasso', 'Power_Kasso']', class 'unit__to_node', parameter 'unit_capacity': Missing object or relationship identifier.
Could not import relationship with objects ('Electrolyzer_Kasso', 'Water', 'Power_Kasso') into 'unit__node__node': Some of the objects in relationship 'unit__node__node_Electrolyzer_Kasso__Water__Power_Kasso' are invalid.
Could not import relationship with objects ('Electrolyzer_Kasso', 'Power_Kasso', 'Hydrogen_Kasso') into 'unit__node__node': Some of the objects in relationship 'unit__node__node_Electrolyzer_Kasso__Power_Kasso__Hydrogen_Kasso' are invalid.
Could not import parameter value for '['Electrolyzer_Kasso', 'Water', 'Power_Kasso']', class 'unit__node__node', parameter 'fix_ratio_in_in_unit_flow': Missing object or relationship identifier.
Could not import parameter value for '['Electrolyzer_Kasso', 'Power_Kasso', 'Hydrogen_Kasso']', class 'unit__node__node', parameter 'fix_ratio_in_out_unit_flow': Missing object or relationship identifier.
Could not import relationship with objects ('Electrolyzer_Kasso', 'Water', 'Power_Kasso') into 'unit__node__node': Some of the objects in relationship 'unit__node__node_Electrolyzer_Kasso__Water__Power_Kasso' are invalid.
Could not import relationship with objects ('Electrolyzer_Kasso', 'Power_Kasso', 'Hydrogen_Kasso') into 'unit__node__node': Some of the objects in relationship 'unit__node__node_Electrolyzer_Kasso__Power_Kasso__Hydrogen_Kasso' are invalid.
Could not import relationship with objects ('power_line_Wholesale_Kasso', 'Power_Kasso') into 'connection__from_node': Some of the objects in relationship 'connection__from_node_power_line_Wholesale_Kasso__Power_Kasso' are invalid.
Could not import relationship with objects ('power_line_Wholesale_Kasso', 'Power_Kasso') into 'connection__to_node': Some of the objects in relationship 'connection__to_node_power_line_Wholesale_Kasso__Power_Kasso' are invalid.
Could not import parameter value for '['power_line_Wholesale_Kasso', 'Power_Kasso']', class 'connection__to_node', parameter 'connection_capacity': Missing object or relationship identifier.
Could not import parameter value for '['power_line_Wholesale_Kasso', 'Power_Kasso']', class 'connection__from_node', parameter 'connection_capacity': Missing object or relationship identifier.
Could not import relationship with objects ('power_line_Wholesale_Kasso', 'Power_Kasso') into 'connection__from_node': Some of the objects in relationship 'connection__from_node_power_line_Wholesale_Kasso__Power_Kasso' are invalid.
Could not import relationship with objects ('power_line_Wholesale_Kasso', 'Power_Kasso') into 'connection__to_node': Some of the objects in relationship 'connection__to_node_power_line_Wholesale_Kasso__Power_Kasso' are invalid.
Could not import relationship with objects ('power_line_Wholesale_Kasso', 'Power_Wholesale', 'Power_Kasso') into 'connection__node__node': Some of the objects in relationship 'connection__node__node_power_line_Wholesale_Kasso__Power_Wholesale__Power_Kasso' are invalid.
Could not import parameter value for '['power_line_Wholesale_Kasso', 'Power_Wholesale', 'Power_Kasso']', class 'connection__node__node', parameter 'fix_ratio_out_in_connection_flow': Missing object or relationship identifier.
Could not import relationship with objects ('power_line_Wholesale_Kasso', 'Power_Wholesale', 'Power_Kasso') into 'connection__node__node': Some of the objects in relationship 'connection__node__node_power_line_Wholesale_Kasso__Power_Wholesale__Power_Kasso' are invalid.
