Could not import relationship with objects ('pipeline_storage_hydrogen', 'Hydrogen_Kasso') into 'connection__from_node': Some of the objects in relationship 'connection__from_node_pipeline_storage_hydrogen__Hydrogen_Kasso' are invalid.
Could not import relationship with objects ('pipeline_District_Heating', 'District_Heating') into 'connection__to_node': Some of the objects in relationship 'connection__to_node_pipeline_District_Heating__District_Heating' are invalid.
Could not import relationship with objects ('power_line_Wholesale_Kasso', 'Power_Wholesale') into 'connection__from_node': Some of the objects in relationship 'connection__from_node_power_line_Wholesale_Kasso__Power_Wholesale' are invalid.
Could not import relationship with objects ('pipeline_storage_hydrogen', 'Hydrogen_storage_Kasso') into 'connection__to_node': Some of the objects in relationship 'connection__to_node_pipeline_storage_hydrogen__Hydrogen_storage_Kasso' are invalid.
Could not import relationship with objects ('pipeline_storage_e-methanol', 'E-Methanol_Kasso') into 'connection__from_node': Some of the objects in relationship 'connection__from_node_pipeline_storage_e-methanol__E-Methanol_Kasso' are invalid.
Could not import relationship with objects ('pipeline_District_Heating', 'Waste_Heat') into 'connection__from_node': Some of the objects in relationship 'connection__from_node_pipeline_District_Heating__Waste_Heat' are invalid.
Could not import relationship with objects ('power_line_Wholesale_Kasso', 'Power_Kasso') into 'connection__to_node': Some of the objects in relationship 'connection__to_node_power_line_Wholesale_Kasso__Power_Kasso' are invalid.
Could not import relationship with objects ('pipeline_storage_e-methanol', 'E-Methanol_Storage_Kasso') into 'connection__to_node': Some of the objects in relationship 'connection__to_node_pipeline_storage_e-methanol__E-Methanol_Storage_Kasso' are invalid.
Could not import parameter value for '['power_line_Wholesale_Kasso', 'Power_Kasso']', class 'connection__to_node', parameter 'connection_capacity': Missing object or relationship identifier.
Could not import parameter value for '['power_line_Wholesale_Kasso', 'Power_Wholesale']', class 'connection__from_node', parameter 'connection_capacity': Missing object or relationship identifier.
Could not import parameter value for '['pipeline_District_Heating', 'Waste_Heat']', class 'connection__from_node', parameter 'connection_capacity': Missing object or relationship identifier.
Could not import parameter value for '['pipeline_District_Heating', 'District_Heating']', class 'connection__to_node', parameter 'connection_capacity': Missing object or relationship identifier.
Could not import relationship with objects ('pipeline_storage_hydrogen', 'Hydrogen_Kasso') into 'connection__from_node': Some of the objects in relationship 'connection__from_node_pipeline_storage_hydrogen__Hydrogen_Kasso' are invalid.
Could not import relationship with objects ('pipeline_District_Heating', 'District_Heating') into 'connection__to_node': Some of the objects in relationship 'connection__to_node_pipeline_District_Heating__District_Heating' are invalid.
Could not import relationship with objects ('power_line_Wholesale_Kasso', 'Power_Wholesale') into 'connection__from_node': Some of the objects in relationship 'connection__from_node_power_line_Wholesale_Kasso__Power_Wholesale' are invalid.
Could not import relationship with objects ('pipeline_storage_hydrogen', 'Hydrogen_storage_Kasso') into 'connection__to_node': Some of the objects in relationship 'connection__to_node_pipeline_storage_hydrogen__Hydrogen_storage_Kasso' are invalid.
Could not import relationship with objects ('pipeline_storage_e-methanol', 'E-Methanol_Kasso') into 'connection__from_node': Some of the objects in relationship 'connection__from_node_pipeline_storage_e-methanol__E-Methanol_Kasso' are invalid.
Could not import relationship with objects ('pipeline_District_Heating', 'Waste_Heat') into 'connection__from_node': Some of the objects in relationship 'connection__from_node_pipeline_District_Heating__Waste_Heat' are invalid.
Could not import relationship with objects ('power_line_Wholesale_Kasso', 'Power_Kasso') into 'connection__to_node': Some of the objects in relationship 'connection__to_node_power_line_Wholesale_Kasso__Power_Kasso' are invalid.
Could not import relationship with objects ('pipeline_storage_e-methanol', 'E-Methanol_Storage_Kasso') into 'connection__to_node': Some of the objects in relationship 'connection__to_node_pipeline_storage_e-methanol__E-Methanol_Storage_Kasso' are invalid.
Could not import relationship with objects ('pipeline_District_Heating', 'Waste_Heat', 'District_Heating') into 'connection__node__node': Some of the objects in relationship 'connection__node__node_pipeline_District_Heating__Waste_Heat__District_Heating' are invalid.
Could not import relationship with objects ('pipeline_storage_e-methanol', 'E-Methanol_Kasso', 'E-Methanol_Storage_Kasso') into 'connection__node__node': Some of the objects in relationship 'connection__node__node_pipeline_storage_e-methanol__E-Methanol_Kasso__E-Methanol_Storage_Kasso' are invalid.
Could not import relationship with objects ('pipeline_storage_hydrogen', 'Hydrogen_Kasso', 'Hydrogen_storage_Kasso') into 'connection__node__node': Some of the objects in relationship 'connection__node__node_pipeline_storage_hydrogen__Hydrogen_Kasso__Hydrogen_storage_Kasso' are invalid.
Could not import relationship with objects ('power_line_Wholesale_Kasso', 'Power_Wholesale', 'Power_Kasso') into 'connection__node__node': Some of the objects in relationship 'connection__node__node_power_line_Wholesale_Kasso__Power_Wholesale__Power_Kasso' are invalid.
Could not import parameter value for '['pipeline_storage_hydrogen', 'Hydrogen_Kasso', 'Hydrogen_storage_Kasso']', class 'connection__node__node', parameter 'fix_ratio_out_in_connection_flow': Missing object or relationship identifier.
Could not import parameter value for '['power_line_Wholesale_Kasso', 'Power_Wholesale', 'Power_Kasso']', class 'connection__node__node', parameter 'fix_ratio_out_in_connection_flow': Missing object or relationship identifier.
Could not import parameter value for '['pipeline_storage_e-methanol', 'E-Methanol_Kasso', 'E-Methanol_Storage_Kasso']', class 'connection__node__node', parameter 'fix_ratio_out_in_connection_flow': Missing object or relationship identifier.
Could not import parameter value for '['pipeline_District_Heating', 'Waste_Heat', 'District_Heating']', class 'connection__node__node', parameter 'fix_ratio_out_in_connection_flow': Missing object or relationship identifier.
Could not import relationship with objects ('pipeline_District_Heating', 'Waste_Heat', 'District_Heating') into 'connection__node__node': Some of the objects in relationship 'connection__node__node_pipeline_District_Heating__Waste_Heat__District_Heating' are invalid.
Could not import relationship with objects ('pipeline_storage_e-methanol', 'E-Methanol_Kasso', 'E-Methanol_Storage_Kasso') into 'connection__node__node': Some of the objects in relationship 'connection__node__node_pipeline_storage_e-methanol__E-Methanol_Kasso__E-Methanol_Storage_Kasso' are invalid.
Could not import relationship with objects ('pipeline_storage_hydrogen', 'Hydrogen_Kasso', 'Hydrogen_storage_Kasso') into 'connection__node__node': Some of the objects in relationship 'connection__node__node_pipeline_storage_hydrogen__Hydrogen_Kasso__Hydrogen_storage_Kasso' are invalid.
Could not import relationship with objects ('power_line_Wholesale_Kasso', 'Power_Wholesale', 'Power_Kasso') into 'connection__node__node': Some of the objects in relationship 'connection__node__node_power_line_Wholesale_Kasso__Power_Wholesale__Power_Kasso' are invalid.
Could not import relationship with objects ('Solar_Plant_Kasso', 'Power_Kasso') into 'unit__to_node': Some of the objects in relationship 'unit__to_node_Solar_Plant_Kasso__Power_Kasso' are invalid.
Could not import relationship with objects ('Destilation_Tower', 'E-Methanol_Kasso') into 'unit__to_node': Some of the objects in relationship 'unit__to_node_Destilation_Tower__E-Methanol_Kasso' are invalid.
Could not import relationship with objects ('Electrolyzer_Kasso', 'Hydrogen_Kasso') into 'unit__to_node': Some of the objects in relationship 'unit__to_node_Electrolyzer_Kasso__Hydrogen_Kasso' are invalid.
Could not import relationship with objects ('Methanol_Reactor', 'Vaporized_Carbon_Dioxide') into 'unit__to_node': Some of the objects in relationship 'unit__to_node_Methanol_Reactor__Vaporized_Carbon_Dioxide' are invalid.
Could not import relationship with objects ('Methanol_Reactor', 'Raw_Methanol') into 'unit__to_node': Some of the objects in relationship 'unit__to_node_Methanol_Reactor__Raw_Methanol' are invalid.
Could not import relationship with objects ('Methanol_Reactor', 'Hydrogen_Kasso') into 'unit__from_node': Some of the objects in relationship 'unit__from_node_Methanol_Reactor__Hydrogen_Kasso' are invalid.
Could not import relationship with objects ('Methanol_Reactor', 'Waste_Heat') into 'unit__to_node': Some of the objects in relationship 'unit__to_node_Methanol_Reactor__Waste_Heat' are invalid.
Could not import relationship with objects ('Destilation_Tower', 'Raw_Methanol') into 'unit__from_node': Some of the objects in relationship 'unit__from_node_Destilation_Tower__Raw_Methanol' are invalid.
Could not import relationship with objects ('CO2_Vaporizer', 'Vaporized_Carbon_Dioxide') into 'unit__to_node': Some of the objects in relationship 'unit__to_node_CO2_Vaporizer__Vaporized_Carbon_Dioxide' are invalid.
Could not import relationship with objects ('CO2_Vaporizer', 'Carbon_Dioxide') into 'unit__from_node': Some of the objects in relationship 'unit__from_node_CO2_Vaporizer__Carbon_Dioxide' are invalid.
Could not import relationship with objects ('Electrolyzer_Kasso', 'Water') into 'unit__from_node': Some of the objects in relationship 'unit__from_node_Electrolyzer_Kasso__Water' are invalid.
Could not import relationship with objects ('Electrolyzer_Kasso', 'Power_Kasso') into 'unit__from_node': Some of the objects in relationship 'unit__from_node_Electrolyzer_Kasso__Power_Kasso' are invalid.
Could not import relationship with objects ('Solar_Plant_Kasso', 'Power_Kasso') into 'unit__to_node': Some of the objects in relationship 'unit__to_node_Solar_Plant_Kasso__Power_Kasso' are invalid.
Could not import relationship with objects ('Destilation_Tower', 'E-Methanol_Kasso') into 'unit__to_node': Some of the objects in relationship 'unit__to_node_Destilation_Tower__E-Methanol_Kasso' are invalid.
Could not import relationship with objects ('Electrolyzer_Kasso', 'Hydrogen_Kasso') into 'unit__to_node': Some of the objects in relationship 'unit__to_node_Electrolyzer_Kasso__Hydrogen_Kasso' are invalid.
Could not import relationship with objects ('Methanol_Reactor', 'Vaporized_Carbon_Dioxide') into 'unit__to_node': Some of the objects in relationship 'unit__to_node_Methanol_Reactor__Vaporized_Carbon_Dioxide' are invalid.
Could not import relationship with objects ('Methanol_Reactor', 'Raw_Methanol') into 'unit__to_node': Some of the objects in relationship 'unit__to_node_Methanol_Reactor__Raw_Methanol' are invalid.
Could not import relationship with objects ('Methanol_Reactor', 'Hydrogen_Kasso') into 'unit__from_node': Some of the objects in relationship 'unit__from_node_Methanol_Reactor__Hydrogen_Kasso' are invalid.
Could not import relationship with objects ('Methanol_Reactor', 'Waste_Heat') into 'unit__to_node': Some of the objects in relationship 'unit__to_node_Methanol_Reactor__Waste_Heat' are invalid.
Could not import relationship with objects ('Destilation_Tower', 'Raw_Methanol') into 'unit__from_node': Some of the objects in relationship 'unit__from_node_Destilation_Tower__Raw_Methanol' are invalid.
Could not import relationship with objects ('CO2_Vaporizer', 'Vaporized_Carbon_Dioxide') into 'unit__to_node': Some of the objects in relationship 'unit__to_node_CO2_Vaporizer__Vaporized_Carbon_Dioxide' are invalid.
Could not import relationship with objects ('CO2_Vaporizer', 'Carbon_Dioxide') into 'unit__from_node': Some of the objects in relationship 'unit__from_node_CO2_Vaporizer__Carbon_Dioxide' are invalid.
Could not import relationship with objects ('Electrolyzer_Kasso', 'Water') into 'unit__from_node': Some of the objects in relationship 'unit__from_node_Electrolyzer_Kasso__Water' are invalid.
Could not import relationship with objects ('Electrolyzer_Kasso', 'Power_Kasso') into 'unit__from_node': Some of the objects in relationship 'unit__from_node_Electrolyzer_Kasso__Power_Kasso' are invalid.
Could not import parameter value for '['Solar_Plant_Kasso', 'Power_Kasso']', class 'unit__to_node', parameter 'unit_capacity': Missing object or relationship identifier.
Could not import parameter value for '['Electrolyzer_Kasso', 'Hydrogen_Kasso']', class 'unit__to_node', parameter 'unit_capacity': Missing object or relationship identifier.
Could not import parameter value for '['CO2_Vaporizer', 'Vaporized_Carbon_Dioxide']', class 'unit__to_node', parameter 'unit_capacity': Missing object or relationship identifier.
Could not import parameter value for '['Methanol_Reactor', 'Raw_Methanol']', class 'unit__to_node', parameter 'unit_capacity': Missing object or relationship identifier.
Could not import parameter value for '['Destilation_Tower', 'E-Methanol_Kasso']', class 'unit__to_node', parameter 'unit_capacity': Missing object or relationship identifier.
Could not import relationship with objects ('Methanol_Reactor', 'Hydrogen_Kasso', 'Raw_Methanol') into 'unit__node__node': Some of the objects in relationship 'unit__node__node_Methanol_Reactor__Hydrogen_Kasso__Raw_Methanol' are invalid.
Could not import relationship with objects ('Methanol_Reactor', 'Vaporized_Carbon_Dioxide', 'Raw_Methanol') into 'unit__node__node': Some of the objects in relationship 'unit__node__node_Methanol_Reactor__Vaporized_Carbon_Dioxide__Raw_Methanol' are invalid.
Could not import relationship with objects ('Destilation_Tower', 'Raw_Methanol', 'E-Methanol_Kasso') into 'unit__node__node': Some of the objects in relationship 'unit__node__node_Destilation_Tower__Raw_Methanol__E-Methanol_Kasso' are invalid.
Could not import relationship with objects ('Electrolyzer_Kasso', 'Power_Kasso', 'Hydrogen_Kasso') into 'unit__node__node': Some of the objects in relationship 'unit__node__node_Electrolyzer_Kasso__Power_Kasso__Hydrogen_Kasso' are invalid.
Could not import relationship with objects ('CO2_Vaporizer', 'Carbon_Dioxide', 'Vaporized_Carbon_Dioxide') into 'unit__node__node': Some of the objects in relationship 'unit__node__node_CO2_Vaporizer__Carbon_Dioxide__Vaporized_Carbon_Dioxide' are invalid.
Could not import relationship with objects ('Electrolyzer_Kasso', 'Water', 'Hydrogen_Kasso') into 'unit__node__node': Some of the objects in relationship 'unit__node__node_Electrolyzer_Kasso__Water__Hydrogen_Kasso' are invalid.
Could not import parameter value for '['Electrolyzer_Kasso', 'Power_Kasso', 'Hydrogen_Kasso']', class 'unit__node__node', parameter 'unit_incremental_heat_rate': Missing object or relationship identifier.
Could not import parameter value for '['Electrolyzer_Kasso', 'Water', 'Hydrogen_Kasso']', class 'unit__node__node', parameter 'unit_incremental_heat_rate': Missing object or relationship identifier.
Could not import parameter value for '['CO2_Vaporizer', 'Carbon_Dioxide', 'Vaporized_Carbon_Dioxide']', class 'unit__node__node', parameter 'unit_incremental_heat_rate': Missing object or relationship identifier.
Could not import parameter value for '['Methanol_Reactor', 'Vaporized_Carbon_Dioxide', 'Raw_Methanol']', class 'unit__node__node', parameter 'unit_incremental_heat_rate': Missing object or relationship identifier.
Could not import parameter value for '['Methanol_Reactor', 'Hydrogen_Kasso', 'Raw_Methanol']', class 'unit__node__node', parameter 'unit_incremental_heat_rate': Missing object or relationship identifier.
Could not import parameter value for '['Destilation_Tower', 'Raw_Methanol', 'E-Methanol_Kasso']', class 'unit__node__node', parameter 'unit_incremental_heat_rate': Missing object or relationship identifier.
Could not import relationship with objects ('Methanol_Reactor', 'Hydrogen_Kasso', 'Raw_Methanol') into 'unit__node__node': Some of the objects in relationship 'unit__node__node_Methanol_Reactor__Hydrogen_Kasso__Raw_Methanol' are invalid.
Could not import relationship with objects ('Methanol_Reactor', 'Vaporized_Carbon_Dioxide', 'Raw_Methanol') into 'unit__node__node': Some of the objects in relationship 'unit__node__node_Methanol_Reactor__Vaporized_Carbon_Dioxide__Raw_Methanol' are invalid.
Could not import relationship with objects ('Destilation_Tower', 'Raw_Methanol', 'E-Methanol_Kasso') into 'unit__node__node': Some of the objects in relationship 'unit__node__node_Destilation_Tower__Raw_Methanol__E-Methanol_Kasso' are invalid.
Could not import relationship with objects ('Electrolyzer_Kasso', 'Power_Kasso', 'Hydrogen_Kasso') into 'unit__node__node': Some of the objects in relationship 'unit__node__node_Electrolyzer_Kasso__Power_Kasso__Hydrogen_Kasso' are invalid.
Could not import relationship with objects ('CO2_Vaporizer', 'Carbon_Dioxide', 'Vaporized_Carbon_Dioxide') into 'unit__node__node': Some of the objects in relationship 'unit__node__node_CO2_Vaporizer__Carbon_Dioxide__Vaporized_Carbon_Dioxide' are invalid.
Could not import relationship with objects ('Electrolyzer_Kasso', 'Water', 'Hydrogen_Kasso') into 'unit__node__node': Some of the objects in relationship 'unit__node__node_Electrolyzer_Kasso__Water__Hydrogen_Kasso' are invalid.
