### Spine execution log file
### Item name: Run SpineOpt
### Filter id: 
### Part: 1

# Running julia run_spineopt.jl http://127.0.0.1:56186 http://127.0.0.1:56194
2-element Vector{String}:
 "http://127.0.0.1:56186"
 "http://127.0.0.1:56194"
WARNING: using JuMP.parameter_value in module SpineInterface conflicts with an existing identifier.
WARNING: using JuMP.Parameter in module SpineInterface conflicts with an existing identifier.
WARNING: could not import JuMP.MutableArithmetics into SpineInterface
┌ Warning: Error requiring `JuMP` from `SpineInterface`
│   exception =
│    LoadError: UndefVarError: `MutableArithmetics` not defined in `SpineInterface`
│    Suggestion: check for spelling errors or missing imports.
│    Hint: MutableArithmetics is loaded but not imported in the active module Main.
│    Stacktrace:
│      [1] top-level scope
│        @ C:\Users\djh.eco\.julia\packages\SpineInterface\mumtf\src\update_model.jl:560
│      [2] include(mod::Module, _path::String)
│        @ Base .\Base.jl:557
│      [3] include(x::String)
│        @ SpineInterface C:\Users\djh.eco\.julia\packages\SpineInterface\mumtf\src\SpineInterface.jl:20
│      [4] macro expansion
│        @ C:\Users\djh.eco\.julia\packages\Requires\Z8rfN\src\Requires.jl:40 [inlined]
│      [5] top-level scope
│        @ C:\Users\djh.eco\.julia\packages\SpineInterface\mumtf\src\SpineInterface.jl:124
│      [6] eval
│        @ .\boot.jl:430 [inlined]
│      [7] eval
│        @ C:\Users\djh.eco\.julia\packages\SpineInterface\mumtf\src\SpineInterface.jl:20 [inlined]
│      [8] (::SpineInterface.var"#401#404")()
│        @ SpineInterface C:\Users\djh.eco\.julia\packages\Requires\Z8rfN\src\require.jl:101
│      [9] macro expansion
│        @ timing.jl:421 [inlined]
│     [10] err(f::Any, listener::Module, modname::String, file::String, line::Any)
│        @ Requires C:\Users\djh.eco\.julia\packages\Requires\Z8rfN\src\require.jl:47
│     [11] (::SpineInterface.var"#400#403")()
│        @ SpineInterface C:\Users\djh.eco\.julia\packages\Requires\Z8rfN\src\require.jl:100
│     [12] withpath(f::Any, path::String)
│        @ Requires C:\Users\djh.eco\.julia\packages\Requires\Z8rfN\src\require.jl:37
│     [13] (::SpineInterface.var"#399#402")()
│        @ SpineInterface C:\Users\djh.eco\.julia\packages\Requires\Z8rfN\src\require.jl:99
│     [14] #invokelatest#2
│        @ .\essentials.jl:1055 [inlined]
│     [15] invokelatest
│        @ .\essentials.jl:1052 [inlined]
│     [16] foreach(f::typeof(invokelatest), itr::Vector{Function})
│        @ Base .\abstractarray.jl:3187
│     [17] loadpkg(pkg::Base.PkgId)
│        @ Requires C:\Users\djh.eco\.julia\packages\Requires\Z8rfN\src\require.jl:27
│     [18] #invokelatest#2
│        @ .\essentials.jl:1055 [inlined]
│     [19] invokelatest
│        @ .\essentials.jl:1052 [inlined]
│     [20] run_package_callbacks(modkey::Base.PkgId)
│        @ Base .\loading.jl:1401
│     [21] _require_search_from_serialized(pkg::Base.PkgId, sourcepath::String, build_id::UInt128, stalecheck::Bool; reasons::Dict{String, Int64}, DEPOT_PATH::Vector{String})
│        @ Base .\loading.jl:2065
│     [22] _require(pkg::Base.PkgId, env::String)
│        @ Base .\loading.jl:2527
│     [23] __require_prelocked(uuidkey::Base.PkgId, env::String)
│        @ Base .\loading.jl:2388
│     [24] #invoke_in_world#3
│        @ .\essentials.jl:1089 [inlined]
│     [25] invoke_in_world
│        @ .\essentials.jl:1086 [inlined]
│     [26] _require_prelocked(uuidkey::Base.PkgId, env::String)
│        @ Base .\loading.jl:2375
│     [27] macro expansion
│        @ .\loading.jl:2314 [inlined]
│     [28] macro expansion
│        @ .\lock.jl:273 [inlined]
│     [29] __require(into::Module, mod::Symbol)
│        @ Base .\loading.jl:2271
│     [30] #invoke_in_world#3
│        @ .\essentials.jl:1089 [inlined]
│     [31] invoke_in_world
│        @ .\essentials.jl:1086 [inlined]
│     [32] require(into::Module, mod::Symbol)
│        @ Base .\loading.jl:2260
│     [33] include(fname::String)
│        @ Main .\sysimg.jl:38
│     [34] top-level scope
│        @ none:1
│     [35] eval(m::Module, e::Any)
│        @ Core .\boot.jl:430
│     [36] top-level scope
│        @ none:1
│     [37] eval
│        @ .\boot.jl:430 [inlined]
│     [38] eval_user_input(errio::IOContext{Base.PipeEndpoint}, ast::Any, show_value::Bool)
│        @ Base .\client.jl:147
│     [39] run_main_repl(interactive::Bool, quiet::Bool, banner::Symbol, history_file::Bool, color_set::Bool)
│        @ Base .\client.jl:483
│     [40] repl_main
│        @ .\client.jl:567 [inlined]
│     [41] _start()
│        @ Base .\client.jl:541
│    in expression starting at C:\Users\djh.eco\.julia\packages\SpineInterface\mumtf\src\update_model.jl:560
└ @ Requires C:\Users\djh.eco\.julia\packages\Requires\Z8rfN\src\require.jl:51
Running SpineOpt...
[SpineOpt version 0.8.3 (git hash: N/A)]
[SpineInterface version 0.14.8 (git hash: N/A)]
Execution started at 2025-05-19T15:33:12.789
Reading input data from sqlite:///C:\Users\djh.eco\OneDrive - CBS - Copenhagen Business School\Documents\GitHub\Nord_H2ub\Spine_Projects\02_basic_energy_model\.spinetoolbox\items\input\Input.sqlite...
Initializing base data structure from db... 12.994874 seconds (27.09 M allocations: 1.335 GiB, 2.54% gc time, 96.83% compilation time)
Preprocessing base data structure... 10.090630 seconds (12.99 M allocations: 648.502 MiB, 0.98% gc time, 99.52% compilation time)
Checking base data structure...  1.093708 seconds (1.15 M allocations: 57.964 MiB, 1.95% gc time, 99.75% compilation time)
[ Info: the last time slice of temporal block daily has been cut to fit within the block
Creating model temporal structure...  4.198497 seconds (6.87 M allocations: 351.033 MiB, 2.45% gc time, 98.79% compilation time)
Creating model stochastic structure...  3.397653 seconds (6.77 M allocations: 334.854 MiB, 1.32% gc time, 99.69% compilation time)
Adding model variables...
- [variable_binary_gas_connection_flow]  1.611257 seconds (2.05 M allocations: 101.280 MiB, 2.75% gc time, 99.80% compilation time)
- [variable_connection_flow]  7.528606 seconds (17.58 M allocations: 991.583 MiB, 5.96% gc time, 86.78% compilation time)
- [variable_connection_intact_flow]  0.508061 seconds (1.33 M allocations: 66.555 MiB, 99.76% compilation time)
- [variable_connections_decommissioned]  0.707349 seconds (1.34 M allocations: 66.364 MiB, 99.73% compilation time)
- [variable_connections_invested]  0.130474 seconds (246.27 k allocations: 12.775 MiB, 99.66% compilation time)
- [variable_connections_invested_available]  0.122401 seconds (198.95 k allocations: 10.501 MiB, 99.63% compilation time)
- [variable_min_capacity_margin_slack]  0.672213 seconds (1.31 M allocations: 64.699 MiB, 6.32% gc time, 99.74% compilation time)
- [variable_node_injection]  0.992408 seconds (2.57 M allocations: 152.593 MiB, 93.62% compilation time)
- [variable_node_pressure]  0.457470 seconds (989.09 k allocations: 49.663 MiB, 99.75% compilation time)
- [variable_node_slack_neg]  0.488541 seconds (1.62 M allocations: 95.299 MiB, 8.19% gc time, 82.76% compilation time)
- [variable_node_slack_pos]  0.051766 seconds (856.36 k allocations: 56.156 MiB, 16.47% compilation time)
- [variable_node_state]  1.849021 seconds (3.20 M allocations: 163.818 MiB, 1.80% gc time, 94.82% compilation time)
- [variable_node_voltage_angle]  0.517426 seconds (969.01 k allocations: 48.719 MiB, 99.76% compilation time)
- [variable_nonspin_units_shut_down]  0.813832 seconds (1.53 M allocations: 76.075 MiB, 99.78% compilation time)
- [variable_nonspin_units_started_up]  0.395991 seconds (855.28 k allocations: 42.957 MiB, 99.70% compilation time)
- [variable_storages_decommissioned]  0.777229 seconds (1.09 M allocations: 53.878 MiB, 7.45% gc time, 99.75% compilation time)
- [variable_storages_invested]  0.119286 seconds (246.44 k allocations: 12.780 MiB, 99.58% compilation time)
- [variable_storages_invested_available]  0.116774 seconds (195.07 k allocations: 10.238 MiB, 99.37% compilation time)
- [variable_unit_flow]  3.197907 seconds (12.34 M allocations: 747.187 MiB, 3.96% gc time, 80.76% compilation time)
- [variable_unit_flow_op]  1.336622 seconds (2.58 M allocations: 132.066 MiB, 99.36% compilation time)
- [variable_unit_flow_op_active]  0.597675 seconds (1.02 M allocations: 54.024 MiB, 98.92% compilation time)
- [variable_units_invested]  0.857809 seconds (826.77 k allocations: 41.029 MiB, 4.71% gc time, 99.74% compilation time)
- [variable_units_invested_available]  0.122984 seconds (194.90 k allocations: 10.227 MiB, 99.63% compilation time)
- [variable_units_mothballed]  0.052488 seconds (32.83 k allocations: 1.804 MiB, 99.37% compilation time)
- [variable_units_on]  1.296392 seconds (2.29 M allocations: 115.010 MiB, 98.94% compilation time)
- [variable_units_out_of_service]  0.517534 seconds (1.01 M allocations: 50.444 MiB, 99.73% compilation time)
- [variable_units_returned_to_service]  0.106898 seconds (164.42 k allocations: 8.408 MiB, 99.49% compilation time)
- [variable_units_shut_down]  0.422342 seconds (898.40 k allocations: 46.673 MiB, 98.44% compilation time)
- [variable_units_started_up]  0.067499 seconds (147.51 k allocations: 9.184 MiB, 91.85% compilation time)
- [variable_units_taken_out_of_service]  0.011678 seconds (26.65 k allocations: 1.465 MiB, 97.19% compilation time)
- [variable_user_constraint_slack_neg]  0.589079 seconds (1.24 M allocations: 61.664 MiB, 7.47% gc time, 99.81% compilation time)
- [variable_user_constraint_slack_pos]  0.010795 seconds (7.87 k allocations: 502.438 KiB, 97.50% compilation time)
 27.861660 seconds (61.99 M allocations: 3.335 GiB, 3.15% gc time, 92.88% compilation time)
Adding model expressions...
- [expression_capacity_margin]  0.278207 seconds (943.39 k allocations: 46.728 MiB, 99.89% compilation time)
  0.278409 seconds (943.47 k allocations: 46.733 MiB, 99.82% compilation time)
Adding model constraints...
- [constraint_candidate_connection_flow_lb]  0.039049 seconds (1.21 k allocations: 53.797 KiB, 99.84% compilation time)
- [constraint_candidate_connection_flow_ub]  0.041461 seconds (1.17 k allocations: 52.000 KiB, 99.88% compilation time)
- [constraint_compression_ratio]  0.345806 seconds (548.27 k allocations: 27.832 MiB, 99.93% compilation time)
- [constraint_connection_flow_capacity]  0.741087 seconds (1.38 M allocations: 68.326 MiB, 99.88% compilation time)
- [constraint_connection_flow_gas_capacity]  0.331766 seconds (359.35 k allocations: 18.545 MiB, 15.78% gc time, 99.94% compilation time)
- [constraint_connection_flow_intact_flow]  0.097195 seconds (369.17 k allocations: 17.191 MiB, 99.94% compilation time)
- [constraint_connection_flow_lodf]  0.492481 seconds (1.01 M allocations: 47.948 MiB, 99.88% compilation time)
- [constraint_connection_intact_flow_capacity]  0.071480 seconds (97.97 k allocations: 4.895 MiB, 99.91% compilation time)
- [constraint_connection_intact_flow_ptdf]  0.370646 seconds (618.09 k allocations: 30.578 MiB, 99.89% compilation time)
- [constraint_connection_lifetime]  0.422206 seconds (774.95 k allocations: 37.984 MiB, 99.86% compilation time)
- [constraint_connection_unitary_gas_flow]  0.102805 seconds (335.48 k allocations: 16.584 MiB, 99.85% compilation time)
- [constraint_connections_invested_available]  0.241259 seconds (422.24 k allocations: 21.112 MiB, 99.78% compilation time)
- [constraint_connections_invested_transition]  0.901397 seconds (1.39 M allocations: 68.122 MiB, 99.81% compilation time)
- [constraint_cyclic_node_state]  0.419648 seconds (426.66 k allocations: 21.446 MiB, 12.29% gc time, 99.91% compilation time)
- [constraint_fix_node_pressure_point]  0.291300 seconds (553.48 k allocations: 27.919 MiB, 99.94% compilation time)
- [constraint_fix_ratio_in_in_unit_flow]  8.025021 seconds (14.52 M allocations: 799.506 MiB, 2.12% gc time, 91.10% compilation time)
- [constraint_fix_ratio_in_out_unit_flow]  0.100870 seconds (166.07 k allocations: 7.848 MiB, 99.65% compilation time)
- [constraint_fix_ratio_out_in_connection_flow]  2.762633 seconds (3.32 M allocations: 167.910 MiB, 99.18% compilation time)
- [constraint_fix_ratio_out_in_unit_flow]  0.006806 seconds (729 allocations: 41.750 KiB, 96.05% compilation time)
- [constraint_fix_ratio_out_out_unit_flow]  0.349599 seconds (1.70 M allocations: 115.524 MiB, 16.75% gc time, 39.15% compilation time)
- [constraint_investment_group_equal_investments]  0.261509 seconds (364.22 k allocations: 17.981 MiB, 99.87% compilation time)
- [constraint_investment_group_maximum_capacity_invested_available]  0.223113 seconds (480.08 k allocations: 22.791 MiB, 99.91% compilation time)
- [constraint_investment_group_maximum_entities_invested_available]  0.227300 seconds (437.54 k allocations: 21.602 MiB, 99.92% compilation time)
- [constraint_investment_group_minimum_capacity_invested_available]  0.195311 seconds (277.07 k allocations: 14.545 MiB, 99.92% compilation time)
- [constraint_investment_group_minimum_entities_invested_available]  0.204499 seconds (277.07 k allocations: 14.554 MiB, 99.92% compilation time)
- [constraint_max_node_pressure]  0.521895 seconds (815.95 k allocations: 41.019 MiB, 99.84% compilation time)
- [constraint_max_node_voltage_angle]  0.161048 seconds (173.30 k allocations: 8.789 MiB, 99.75% compilation time)
- [constraint_max_ratio_in_in_unit_flow]  0.014722 seconds (2.36 k allocations: 118.570 KiB, 98.43% compilation time)
- [constraint_max_ratio_in_out_unit_flow]  0.005664 seconds (729 allocations: 41.750 KiB, 96.79% compilation time)
- [constraint_max_ratio_out_in_connection_flow]  0.078567 seconds (209.39 k allocations: 10.208 MiB, 99.79% compilation time)
- [constraint_max_ratio_out_in_unit_flow]  0.004729 seconds (730 allocations: 41.844 KiB, 96.31% compilation time)
- [constraint_max_ratio_out_out_unit_flow]  0.005207 seconds (729 allocations: 41.750 KiB, 96.31% compilation time)
- [constraint_max_total_cumulated_unit_flow_from_node]  0.253990 seconds (634.05 k allocations: 32.047 MiB, 99.92% compilation time)
- [constraint_max_total_cumulated_unit_flow_to_node]  0.004722 seconds (627 allocations: 31.344 KiB, 97.87% compilation time)
- [constraint_min_capacity_margin]  0.100287 seconds (171.41 k allocations: 8.655 MiB, 99.83% compilation time)
- [constraint_min_down_time]  4.234184 seconds (16.82 M allocations: 987.260 MiB, 13.44% gc time, 68.79% compilation time)
- [constraint_min_node_pressure]  0.119517 seconds (140.71 k allocations: 7.127 MiB, 99.72% compilation time)
- [constraint_min_node_voltage_angle]  0.118305 seconds (140.75 k allocations: 7.118 MiB, 99.70% compilation time)
- [constraint_min_ratio_in_in_unit_flow]  0.014450 seconds (2.36 k allocations: 118.492 KiB, 98.43% compilation time)
- [constraint_min_ratio_in_out_unit_flow]  0.006050 seconds (730 allocations: 41.875 KiB, 96.91% compilation time)
- [constraint_min_ratio_out_in_connection_flow]  0.062759 seconds (68.95 k allocations: 3.500 MiB, 99.72% compilation time)
- [constraint_min_ratio_out_in_unit_flow]  0.007266 seconds (729 allocations: 41.750 KiB, 96.71% compilation time)
- [constraint_min_ratio_out_out_unit_flow]  0.006562 seconds (729 allocations: 41.750 KiB, 96.32% compilation time)
- [constraint_min_scheduled_outage_duration]  0.216251 seconds (377.89 k allocations: 19.373 MiB, 99.92% compilation time)
- [constraint_min_total_cumulated_unit_flow_from_node]  0.063124 seconds (68.97 k allocations: 3.497 MiB, 99.74% compilation time)
- [constraint_min_total_cumulated_unit_flow_to_node]  0.005999 seconds (627 allocations: 31.344 KiB, 98.32% compilation time)
- [constraint_min_up_time]  0.209040 seconds (281.61 k allocations: 14.269 MiB, 99.90% compilation time)
- [constraint_minimum_operating_point]  1.492994 seconds (3.07 M allocations: 165.541 MiB, 95.23% compilation time)
- [constraint_nodal_balance]  2.857679 seconds (6.17 M allocations: 324.972 MiB, 2.46% gc time, 88.19% compilation time)
- [constraint_node_injection]  3.469988 seconds (20.48 M allocations: 1.007 GiB, 6.51% gc time, 65.20% compilation time)
- [constraint_node_state_capacity]  0.215341 seconds (536.20 k allocations: 26.515 MiB, 99.78% compilation time)
- [constraint_node_voltage_angle]  0.226380 seconds (312.45 k allocations: 15.751 MiB, 99.92% compilation time)
- [constraint_non_spinning_reserves_lower_bound]  0.375485 seconds (439.56 k allocations: 22.466 MiB, 99.89% compilation time)
- [constraint_non_spinning_reserves_shut_down_upper_bound]  0.712102 seconds (370.96 k allocations: 18.281 MiB, 99.89% compilation time)
- [constraint_non_spinning_reserves_start_up_upper_bound]  0.018936 seconds (1.17 k allocations: 58.531 KiB, 79.31% compilation time)
- [constraint_operating_point_bounds]  1.239983 seconds (664.95 k allocations: 34.362 MiB, 11.61% gc time, 99.21% compilation time)
- [constraint_operating_point_rank]  0.196015 seconds (424.83 k allocations: 22.520 MiB, 98.15% compilation time)
- [constraint_ramp_down]  3.317943 seconds (8.55 M allocations: 478.554 MiB, 2.44% gc time, 86.33% compilation time)
- [constraint_ramp_up]  1.598116 seconds (5.79 M allocations: 342.671 MiB, 3.99% gc time, 73.11% compilation time)
- [constraint_ratio_out_in_connection_intact_flow]  0.075676 seconds (184.04 k allocations: 8.746 MiB, 99.93% compilation time)
- [constraint_storage_lifetime]  0.321959 seconds (497.47 k allocations: 24.376 MiB, 99.83% compilation time)
- [constraint_storage_line_pack]  0.214595 seconds (315.47 k allocations: 16.008 MiB, 99.91% compilation time)
- [constraint_storages_invested_available]  0.158153 seconds (205.01 k allocations: 10.398 MiB, 99.75% compilation time)
- [constraint_storages_invested_transition]  0.208528 seconds (302.63 k allocations: 15.095 MiB, 99.60% compilation time)
- [constraint_unit_flow_capacity]  1.795720 seconds (3.94 M allocations: 208.799 MiB, 3.37% gc time, 95.06% compilation time)
- [constraint_unit_flow_op_bounds]  1.251908 seconds (1.78 M allocations: 93.861 MiB, 97.12% compilation time)
- [constraint_unit_flow_op_rank]  0.446026 seconds (571.00 k allocations: 30.222 MiB, 99.21% compilation time)
- [constraint_unit_flow_op_sum]  1.212569 seconds (1.48 M allocations: 77.311 MiB, 68.43% compilation time)
- [constraint_unit_lifetime]  0.299177 seconds (267.81 k allocations: 13.047 MiB, 99.81% compilation time)
- [constraint_unit_pw_heat_rate]  0.273613 seconds (326.56 k allocations: 16.961 MiB, 20.92% gc time, 99.94% compilation time)
- [constraint_unit_state_transition]  0.781542 seconds (1.59 M allocations: 83.751 MiB, 97.23% compilation time)
- [constraint_units_available]  1.033548 seconds (3.15 M allocations: 159.913 MiB, 90.26% compilation time)
- [constraint_units_invested_available]  0.159887 seconds (207.05 k allocations: 10.476 MiB, 99.75% compilation time)
- [constraint_units_invested_transition]  0.200457 seconds (301.95 k allocations: 15.114 MiB, 99.61% compilation time)
- [constraint_units_out_of_service_contiguity]  0.200129 seconds (256.19 k allocations: 13.008 MiB, 99.91% compilation time)
- [constraint_units_out_of_service_transition]  0.146687 seconds (232.80 k allocations: 11.621 MiB, 99.79% compilation time)
- [constraint_user_constraint]  4.352025 seconds (9.49 M allocations: 482.025 MiB, 2.66% gc time, 95.20% compilation time)
 53.732891 seconds (126.51 M allocations: 6.598 GiB, 3.31% gc time, 88.99% compilation time)
Setting model objective...  5.083566 seconds (12.32 M allocations: 644.919 MiB, 3.44% gc time, 90.77% compilation time)
Bringing model to the first window...  2.288768 seconds (11.18 M allocations: 622.830 MiB, 19.13% gc time, 55.26% compilation time)
model - Window 1 of 2: 2019-01-01T00:00~(4 weeks, 2 days, 10 hours)~>2019-01-31T10:00
Optimizing model...Running HiGHS 1.9.0 (git hash: 66f735e60): Copyright (c) 2024 HiGHS under MIT licence terms
Coefficient ranges:
  Matrix [7e-04, 1e+02]
  Cost   [1e-03, 2e+09]
  Bound  [3e-01, 1e+03]
  RHS    [1e+00, 2e+01]
Presolving model
19772 rows, 39734 cols, 102141 nonzeros  0s
12832 rows, 29874 cols, 98110 nonzeros  0s
10572 rows, 26878 cols, 89711 nonzeros  0s
Solving MIP model with:
   10572 rows
   26878 cols (1454 binary, 322 integer, 0 implied int., 25102 continuous)
   89711 nonzeros
Src: B => Branching; C => Central rounding; F => Feasibility pump; H => Heuristic; L => Sub-MIP;
     P => Empty MIP; R => Randomized rounding; S => Solve LP; T => Evaluate node; U => Unbounded;
     z => Trivial zero; l => Trivial lower; u => Trivial upper; p => Trivial point
        Nodes      |    B&B Tree     |            Objective Bounds              |  Dynamic Constraints |       Work
Src  Proc. InQueue |  Leaves   Expl. | BestBound       BestSol              Gap |   Cuts   InLp Confl. | LpIters     Time
         0       0         0   0.00%   -51739510.1731  inf                  inf        0      0      0         0     0.5s
 T       0       0         0   0.00%   -51739510.1731  -14025464.04034  268.90%        0      0      0      3457     0.6s
         1       0         1 100.00%   -14025464.04034 -14025464.04034    0.00%        0      0      0      3457     0.6s
Solving report
  Status            Optimal
  Primal bound      -14025464.0403
  Dual bound        -14025464.0403
  Gap               0% (tolerance: 0%)
  P-D integral      0.000435307107924
  Solution status   feasible
                    -14025464.0403 (objective)
                    0 (bound viol.)
                    0 (int. viol.)
                    0 (row viol.)
  Timing            0.60 (total)
                    0.00 (presolve)
                    0.00 (solve)
                    0.00 (postsolve)
  Max sub-MIP depth 0
  Nodes             1
  Repair LPs        0 (0 feasible; 0 iterations)
  LP iterations     3457 (total)
                    0 (strong br.)
                    0 (separation)
                    0 (heuristics)
  1.082449 seconds (901.34 k allocations: 72.135 MiB, 4.66% gc time, 2.70% compilation time)
Optimal solution found, objective function value: -1.4025464040338319e7
Saving model results...  3.715769 seconds (6.55 M allocations: 301.959 MiB, 1.46% gc time, 96.24% compilation time)
Postprocessing model results...  0.000094 seconds (48 allocations: 3.312 KiB)
Saving model outputs...  2.868394 seconds (6.32 M allocations: 385.257 MiB, 1.62% gc time, 92.36% compilation time)
model - Rolling temporal structure...
  0.344758 seconds (986.16 k allocations: 37.982 MiB, 76.42% compilation time)
Fixing history...  1.625782 seconds (3.67 M allocations: 309.612 MiB, 4.38% gc time, 83.68% compilation time)
Applying non-anticipativity constraints...  0.167919 seconds (58.95 k allocations: 3.035 MiB, 99.83% compilation time)
model - Window 2 of 2: 2019-01-31T10:00~(4 weeks, 2 days, 10 hours)~>2019-03-02T20:00
Optimizing model...Coefficient ranges:
  Matrix [7e-04, 1e+02]
  Cost   [1e-03, 2e+09]
  Bound  [3e-01, 1e+03]
  RHS    [1e+00, 2e+01]
Presolving model
19713 rows, 39758 cols, 101696 nonzeros  0s
12778 rows, 29896 cols, 97581 nonzeros  0s
10540 rows, 26921 cols, 89301 nonzeros  0s
Solving MIP model with:
   10540 rows
   26921 cols (1446 binary, 319 integer, 0 implied int., 25156 continuous)
   89301 nonzeros
Src: B => Branching; C => Central rounding; F => Feasibility pump; H => Heuristic; L => Sub-MIP;
     P => Empty MIP; R => Randomized rounding; S => Solve LP; T => Evaluate node; U => Unbounded;
     z => Trivial zero; l => Trivial lower; u => Trivial upper; p => Trivial point
        Nodes      |    B&B Tree     |            Objective Bounds              |  Dynamic Constraints |       Work
Src  Proc. InQueue |  Leaves   Expl. | BestBound       BestSol              Gap |   Cuts   InLp Confl. | LpIters     Time
         0       0         0   0.00%   -45939631.7631  inf                  inf        0      0      0         0     0.5s
 T       0       0         0   0.00%   -45939631.7631  -14299489.03214  221.27%        0      0      0      3736     0.6s
         1       0         1 100.00%   -14299489.03214 -14299489.03214    0.00%        0      0      0      3736     0.6s
Solving report
  Status            Optimal
  Primal bound      -14299489.0321
  Dual bound        -14299489.0321
  Gap               0% (tolerance: 0%)
  P-D integral      0.000339210262766
  Solution status   feasible
                    -14299489.0321 (objective)
                    0 (bound viol.)
                    0 (int. viol.)
                    0 (row viol.)
  Timing            0.59 (total)
                    0.00 (presolve)
                    0.00 (solve)
                    0.00 (postsolve)
  Max sub-MIP depth 0
  Nodes             1
  Repair LPs        0 (0 feasible; 0 iterations)
  LP iterations     3736 (total)
                    0 (strong br.)
                    0 (separation)
                    0 (heuristics)
  0.600273 seconds (2 allocations: 32 bytes)
Optimal solution found, objective function value: -1.429948903214e7
Saving model results...  0.174148 seconds (2.52 M allocations: 106.755 MiB, 13.66% gc time)
Postprocessing model results...  0.000073 seconds (48 allocations: 3.312 KiB)
Saving model outputs...  0.203452 seconds (2.05 M allocations: 167.237 MiB, 14.21% gc time)
model - Rolling temporal structure...
  0.000084 seconds (47 allocations: 1.312 KiB)
model ... Rolling complete
Writing report to sqlite:///C:\Users\djh.eco\OneDrive - CBS - Copenhagen Business School\Documents\GitHub\Nord_H2ub\Spine_Projects\02_basic_energy_model\.spinetoolbox\items\outputtest\OutputTest.sqlite?spinedbfilter=cfg%3Aexecution%3A%7B%22execution_item%22%3A+%22Run+SpineOpt%22%2C+%22scenarios%22%3A+%5B%5D%2C+%22timestamp%22%3A+%222025-05-19T15%3A32%3A20%22%7D...  3.559473 seconds (4.54 M allocations: 245.846 MiB, 3.48% gc time, 59.19% compilation time)
Execution complete. Started at 2025-05-19T15:33:12.789, ended at 2025-05-19T15:35:48.560, elapsed time: 2 minutes, 35 seconds, 771 milliseconds
A JuMP Model
├ solver: HiGHS
├ objective_sense: MIN_SENSE
│ └ objective_function_type: JuMP.AffExpr
├ num_variables: 58009
├ num_constraints: 98349
│ ├ JuMP.AffExpr in MOI.EqualTo{Float64}: 27833
│ ├ JuMP.AffExpr in MOI.GreaterThan{Float64}: 2190
│ ├ JuMP.AffExpr in MOI.LessThan{Float64}: 6570
│ ├ JuMP.VariableRef in MOI.EqualTo{Float64}: 215
│ ├ JuMP.VariableRef in MOI.GreaterThan{Float64}: 45353
│ ├ JuMP.VariableRef in MOI.LessThan{Float64}: 13901
│ └ JuMP.VariableRef in MOI.Integer: 2287
└ Names registered in the model: none
