### Spine execution log file
### Item name: Run SpineOpt
### Filter id: 
### Part: 1

# Running julia run_spineopt.jl http://127.0.0.1:54599 http://127.0.0.1:54606
2-element Vector{String}:
 "http://127.0.0.1:54599"
 "http://127.0.0.1:54606"
WARNING: using JuMP.parameter_value in module SpineInterface conflicts with an existing identifier.
WARNING: using JuMP.Parameter in module SpineInterface conflicts with an existing identifier.
WARNING: could not import JuMP.MutableArithmetics into SpineInterface
┌ Warning: Error requiring `JuMP` from `SpineInterface`
│   exception =
│    LoadError: UndefVarError: `MutableArithmetics` not defined in `SpineInterface`
│    Suggestion: check for spelling errors or missing imports.
│    Hint: MutableArithmetics is loaded but not imported in the active module Main.
│    Stacktrace:
│      [1] top-level scope
│        @ C:\Users\djh.eco\.julia\packages\SpineInterface\mumtf\src\update_model.jl:560
│      [2] include(mod::Module, _path::String)
│        @ Base .\Base.jl:557
│      [3] include(x::String)
│        @ SpineInterface C:\Users\djh.eco\.julia\packages\SpineInterface\mumtf\src\SpineInterface.jl:20
│      [4] macro expansion
│        @ C:\Users\djh.eco\.julia\packages\Requires\Z8rfN\src\Requires.jl:40 [inlined]
│      [5] top-level scope
│        @ C:\Users\djh.eco\.julia\packages\SpineInterface\mumtf\src\SpineInterface.jl:124
│      [6] eval
│        @ .\boot.jl:430 [inlined]
│      [7] eval
│        @ C:\Users\djh.eco\.julia\packages\SpineInterface\mumtf\src\SpineInterface.jl:20 [inlined]
│      [8] (::SpineInterface.var"#401#404")()
│        @ SpineInterface C:\Users\djh.eco\.julia\packages\Requires\Z8rfN\src\require.jl:101
│      [9] macro expansion
│        @ timing.jl:421 [inlined]
│     [10] err(f::Any, listener::Module, modname::String, file::String, line::Any)
│        @ Requires C:\Users\djh.eco\.julia\packages\Requires\Z8rfN\src\require.jl:47
│     [11] (::SpineInterface.var"#400#403")()
│        @ SpineInterface C:\Users\djh.eco\.julia\packages\Requires\Z8rfN\src\require.jl:100
│     [12] withpath(f::Any, path::String)
│        @ Requires C:\Users\djh.eco\.julia\packages\Requires\Z8rfN\src\require.jl:37
│     [13] (::SpineInterface.var"#399#402")()
│        @ SpineInterface C:\Users\djh.eco\.julia\packages\Requires\Z8rfN\src\require.jl:99
│     [14] #invokelatest#2
│        @ .\essentials.jl:1055 [inlined]
│     [15] invokelatest
│        @ .\essentials.jl:1052 [inlined]
│     [16] foreach(f::typeof(invokelatest), itr::Vector{Function})
│        @ Base .\abstractarray.jl:3187
│     [17] loadpkg(pkg::Base.PkgId)
│        @ Requires C:\Users\djh.eco\.julia\packages\Requires\Z8rfN\src\require.jl:27
│     [18] #invokelatest#2
│        @ .\essentials.jl:1055 [inlined]
│     [19] invokelatest
│        @ .\essentials.jl:1052 [inlined]
│     [20] run_package_callbacks(modkey::Base.PkgId)
│        @ Base .\loading.jl:1401
│     [21] _require_search_from_serialized(pkg::Base.PkgId, sourcepath::String, build_id::UInt128, stalecheck::Bool; reasons::Dict{String, Int64}, DEPOT_PATH::Vector{String})
│        @ Base .\loading.jl:2065
│     [22] _require(pkg::Base.PkgId, env::String)
│        @ Base .\loading.jl:2527
│     [23] __require_prelocked(uuidkey::Base.PkgId, env::String)
│        @ Base .\loading.jl:2388
│     [24] #invoke_in_world#3
│        @ .\essentials.jl:1089 [inlined]
│     [25] invoke_in_world
│        @ .\essentials.jl:1086 [inlined]
│     [26] _require_prelocked(uuidkey::Base.PkgId, env::String)
│        @ Base .\loading.jl:2375
│     [27] macro expansion
│        @ .\loading.jl:2314 [inlined]
│     [28] macro expansion
│        @ .\lock.jl:273 [inlined]
│     [29] __require(into::Module, mod::Symbol)
│        @ Base .\loading.jl:2271
│     [30] #invoke_in_world#3
│        @ .\essentials.jl:1089 [inlined]
│     [31] invoke_in_world
│        @ .\essentials.jl:1086 [inlined]
│     [32] require(into::Module, mod::Symbol)
│        @ Base .\loading.jl:2260
│     [33] include(fname::String)
│        @ Main .\sysimg.jl:38
│     [34] top-level scope
│        @ none:1
│     [35] eval(m::Module, e::Any)
│        @ Core .\boot.jl:430
│     [36] top-level scope
│        @ none:1
│     [37] eval
│        @ .\boot.jl:430 [inlined]
│     [38] eval_user_input(errio::IOContext{Base.PipeEndpoint}, ast::Any, show_value::Bool)
│        @ Base .\client.jl:147
│     [39] run_main_repl(interactive::Bool, quiet::Bool, banner::Symbol, history_file::Bool, color_set::Bool)
│        @ Base .\client.jl:483
│     [40] repl_main
│        @ .\client.jl:567 [inlined]
│     [41] _start()
│        @ Base .\client.jl:541
│    in expression starting at C:\Users\djh.eco\.julia\packages\SpineInterface\mumtf\src\update_model.jl:560
└ @ Requires C:\Users\djh.eco\.julia\packages\Requires\Z8rfN\src\require.jl:51
Running SpineOpt...
[SpineOpt version 0.8.3 (git hash: N/A)]
[SpineInterface version 0.14.8 (git hash: N/A)]
Execution started at 2025-03-26T15:30:19.619
Reading input data from sqlite:///C:\Users\djh.eco\OneDrive - CBS - Copenhagen Business School\Documents\GitHub\Nord_H2ub\Spine_Projects\02_basic_energy_model\.spinetoolbox\items\input\InputTest.sqlite...
Initializing base data structure from db... 14.848341 seconds (26.74 M allocations: 1.310 GiB, 1.28% gc time, 96.54% compilation time)
Preprocessing base data structure... 14.499294 seconds (16.59 M allocations: 824.927 MiB, 1.07% gc time, 99.58% compilation time)
ERROR: LoadError: missing `unit_capacity` value for indices: (electrolyzer, power, from_node) - `unit_capacity` must be specified where `minimum_operating_point` is
Stacktrace:
  [1] error(::String, ::String)
    @ Base .\error.jl:44
  [2] _check
    @ C:\Users\djh.eco\.julia\packages\SpineOpt\ZV0Yy\src\data_structure\check_data_structure.jl:32 [inlined]
  [3] check_minimum_operating_point_unit_capacity()
    @ SpineOpt C:\Users\djh.eco\.julia\packages\SpineOpt\ZV0Yy\src\data_structure\check_data_structure.jl:166
  [4] check_data_structure()
    @ SpineOpt C:\Users\djh.eco\.julia\packages\SpineOpt\ZV0Yy\src\data_structure\check_data_structure.jl:53
  [5] macro expansion
    @ .\timing.jl:581 [inlined]
  [6] macro expansion
    @ C:\Users\djh.eco\.julia\packages\SpineOpt\ZV0Yy\src\util\misc.jl:51 [inlined]
  [7] _init_data_from_db(url_in::String, log_level::Int64, upgrade::Bool, templates::Tuple{}, filters::Dict{String, String}, st::Nothing)
    @ SpineOpt C:\Users\djh.eco\.julia\packages\SpineOpt\ZV0Yy\src\run_spineopt.jl:250
  [8] _init_data_from_db(url_in::String, log_level::Int64, upgrade::Bool, templates::Tuple{}, filters::Dict{String, String})
    @ SpineOpt C:\Users\djh.eco\.julia\packages\SpineOpt\ZV0Yy\src\run_spineopt.jl:239
  [9] prepare_spineopt(url_in::String; log_level::Int64, upgrade::Bool, filters::Dict{String, String}, templates::Tuple{}, mip_solver::Nothing, lp_solver::Nothing, use_direct_model::Bool)
    @ SpineOpt C:\Users\djh.eco\.julia\packages\SpineOpt\ZV0Yy\src\run_spineopt.jl:211
 [10] prepare_spineopt
    @ C:\Users\djh.eco\.julia\packages\SpineOpt\ZV0Yy\src\run_spineopt.jl:199 [inlined]
 [11] _run_spineopt(f::SpineOpt.var"#65#66", url_in::String, url_out::String; upgrade::Bool, filters::Dict{String, String}, templates::Tuple{}, mip_solver::Nothing, lp_solver::Nothing, use_direct_model::Bool, log_level::Int64, alternative::String, kwargs::@Kwargs{optimize::Bool, update_names::Bool, write_as_roll::Int64, resume_file_path::Nothing})
    @ SpineOpt C:\Users\djh.eco\.julia\packages\SpineOpt\ZV0Yy\src\run_spineopt.jl:140
 [12] #68
    @ C:\Users\djh.eco\.julia\packages\SpineOpt\ZV0Yy\src\run_spineopt.jl:99 [inlined]
 [13] _log_to_file
    @ C:\Users\djh.eco\.julia\packages\SpineOpt\ZV0Yy\src\util\misc.jl:225 [inlined]
 [14] #run_spineopt#67
    @ C:\Users\djh.eco\.julia\packages\SpineOpt\ZV0Yy\src\run_spineopt.jl:98 [inlined]
 [15] run_spineopt(f::Function, url_in::String, url_out::String)
    @ SpineOpt C:\Users\djh.eco\.julia\packages\SpineOpt\ZV0Yy\src\run_spineopt.jl:80
 [16] #run_spineopt#64
    @ C:\Users\djh.eco\.julia\packages\SpineOpt\ZV0Yy\src\run_spineopt.jl:64 [inlined]
 [17] run_spineopt(url_in::String, url_out::String)
    @ SpineOpt C:\Users\djh.eco\.julia\packages\SpineOpt\ZV0Yy\src\run_spineopt.jl:63
 [18] top-level scope
    @ C:\Users\djh.eco\.spinetoolbox\work\run_spineopt__cd542efd845b4b2eb5983984edf6ecff__toolbox\run_spineopt.jl:3
 [19] include(fname::String)
    @ Main .\sysimg.jl:38
 [20] top-level scope
    @ none:1
in expression starting at C:\Users\djh.eco\.spinetoolbox\work\run_spineopt__cd542efd845b4b2eb5983984edf6ecff__toolbox\run_spineopt.jl:3
