### Spine execution log file
### Item name: Run SpineOpt
### Filter id: 
### Part: 1

# Running julia run_spineopt.jl http://127.0.0.1:49682 http://127.0.0.1:49685
2-element Vector{String}:
 "http://127.0.0.1:49682"
 "http://127.0.0.1:49685"
WARNING: using JuMP.parameter_value in module SpineInterface conflicts with an existing identifier.
Running SpineOpt...
WARNING: using JuMP.Parameter in module SpineInterface conflicts with an existing identifier.
[SpineOpt version 0.10.2 (git hash: N/A)]
[SpineInterface version 0.15.2 (git hash: N/A)]
Execution started at 2025-11-03T12:58:10.498
Reading input data from sqlite:///C:\Users\kar.eco\Documents\GitHub\Nord_H2ub\Spine_Projects\02_basic_energy_model\.spinetoolbox\items\input\Input.sqlite...
Initializing  data structure from db... 11.859981 seconds (15.58 M allocations: 768.903 MiB, 2.92% gc time, 95.80% compilation time)
Preprocessing  data structure...ERROR: LoadError: `model` object not found - you need a `model` object to run SpineOpt
Stacktrace:
  [1] error(s::String)
    @ Base .\error.jl:35
  [2] _check
    @ C:\Users\kar.eco\.julia\packages\SpineOpt\HEhN7\src\data_structure\check_data_structure.jl:33 [inlined]
  [3] check_model_object()
    @ SpineOpt C:\Users\kar.eco\.julia\packages\SpineOpt\HEhN7\src\data_structure\check_data_structure.jl:64
  [4] preprocess_data_structure()
    @ SpineOpt C:\Users\kar.eco\.julia\packages\SpineOpt\HEhN7\src\data_structure\preprocess_data_structure.jl:29
  [5] macro expansion
    @ .\timing.jl:581 [inlined]
  [6] (::SpineOpt.var"#80#86")()
    @ SpineOpt C:\Users\kar.eco\.julia\packages\SpineOpt\HEhN7\src\util\misc.jl:60
  [7] (::Base.RedirectStdStream)(thunk::SpineOpt.var"#80#86", stream::Pipe)
    @ Base .\stream.jl:1464
  [8] macro expansion
    @ C:\Users\kar.eco\.julia\packages\SpineOpt\HEhN7\src\util\misc.jl:59 [inlined]
  [9] _init_data_from_db(url_in::String, log_level::Int64, upgrade::Bool, templates::Tuple{}, filters::Dict{String, String}, scenario::String)
    @ SpineOpt C:\Users\kar.eco\.julia\packages\SpineOpt\HEhN7\src\run_spineopt.jl:307
 [10] _init_data_from_db(url_in::String, log_level::Int64, upgrade::Bool, templates::Tuple{}, filters::Dict{String, String})
    @ SpineOpt C:\Users\kar.eco\.julia\packages\SpineOpt\HEhN7\src\run_spineopt.jl:298
 [11] prepare_spineopt(url_in::String; log_level::Int64, upgrade::Bool, filters::Dict{String, String}, templates::Tuple{}, mip_solver::Nothing, lp_solver::Nothing, use_direct_model::Bool, use_model_names::Bool, add_bridges::Bool)
    @ SpineOpt C:\Users\kar.eco\.julia\packages\SpineOpt\HEhN7\src\run_spineopt.jl:265
 [12] prepare_spineopt
    @ C:\Users\kar.eco\.julia\packages\SpineOpt\HEhN7\src\run_spineopt.jl:251 [inlined]
 [13] _run_spineopt(f::SpineOpt.var"#64#65", url_in::String, url_out::String; upgrade::Bool, filters::Dict{String, String}, templates::Tuple{}, mip_solver::Nothing, lp_solver::Nothing, use_direct_model::Bool, use_model_names::Bool, add_bridges::Bool, log_level::Int64, alternative::String, kwargs::@Kwargs{optimize::Bool, update_names::Bool, write_as_roll::Int64, resume_file_path::Nothing})
    @ SpineOpt C:\Users\kar.eco\.julia\packages\SpineOpt\HEhN7\src\run_spineopt.jl:149
 [14] #67
    @ C:\Users\kar.eco\.julia\packages\SpineOpt\HEhN7\src\run_spineopt.jl:104 [inlined]
 [15] _log_to_file
    @ C:\Users\kar.eco\.julia\packages\SpineOpt\HEhN7\src\util\misc.jl:246 [inlined]
 [16] #run_spineopt#66
    @ C:\Users\kar.eco\.julia\packages\SpineOpt\HEhN7\src\run_spineopt.jl:103 [inlined]
 [17] run_spineopt(f::Function, url_in::String, url_out::String)
    @ SpineOpt C:\Users\kar.eco\.julia\packages\SpineOpt\HEhN7\src\run_spineopt.jl:83
 [18] #run_spineopt#63
    @ C:\Users\kar.eco\.julia\packages\SpineOpt\HEhN7\src\run_spineopt.jl:67 [inlined]
 [19] run_spineopt(url_in::String, url_out::String)
    @ SpineOpt C:\Users\kar.eco\.julia\packages\SpineOpt\HEhN7\src\run_spineopt.jl:66
 [20] top-level scope
    @ C:\Users\kar.eco\.spinetoolbox\work\run_spineopt__feca6c9c1d2f46df8aeecb078153d269__toolbox\run_spineopt.jl:3
 [21] include(fname::String)
    @ Main .\sysimg.jl:38
 [22] top-level scope
    @ none:1
in expression starting at C:\Users\kar.eco\.spinetoolbox\work\run_spineopt__feca6c9c1d2f46df8aeecb078153d269__toolbox\run_spineopt.jl:3
