### Spine execution log file
### Item name: Run SpineOpt
### Filter id: 
### Part: 1

# Running julia run_spineopt.jl http://127.0.0.1:60583 http://127.0.0.1:60586
2-element Vector{String}:
 "http://127.0.0.1:60583"
 "http://127.0.0.1:60586"
Running SpineOpt...
[SpineOpt version 0.10.2 (git hash: N/A)]
[SpineInterface version 0.15.2 (git hash: N/A)]
Execution started at 2025-11-03T13:23:32.488
Reading input data from sqlite:///C:\Users\kar.eco\Documents\GitHub\Nord_H2ub\Spine_Projects\02_basic_energy_model\.spinetoolbox\items\input\Input.sqlite...
Initializing  data structure from db...  0.717676 seconds (321.05 k allocations: 43.578 MiB, 15.10% gc time)
Preprocessing  data structure...  0.081772 seconds (35.32 k allocations: 1.719 MiB, 39.66% compilation time)
Checking  data structure...  0.012359 seconds (7.88 k allocations: 411.375 KiB, 92.61% compilation time)
Build started at 2025-11-03T13:23:33.355
Creating model temporal structure...[ Info: the last time slice of temporal block daily has been cut to fit within the block
  0.069634 seconds (701.50 k allocations: 36.824 MiB, 18.99% compilation time)
Creating model stochastic structure...  0.015252 seconds (15.50 k allocations: 1.298 MiB, 39.74% compilation time)
Adding model independent variables...
- [variable_binary_gas_connection_flow]  0.000676 seconds (1.10 k allocations: 51.508 KiB)
- [variable_connection_flow]  0.673409 seconds (5.64 M allocations: 371.749 MiB, 25.07% gc time, 11.44% compilation time)
- [variable_connection_intact_flow]  0.000951 seconds (703 allocations: 28.492 KiB)
- [variable_connections_decommissioned]  0.000732 seconds (785 allocations: 29.273 KiB)
- [variable_connections_invested]  0.000257 seconds (844 allocations: 31.523 KiB)
- [variable_connections_invested_available]  0.000226 seconds (865 allocations: 32.227 KiB)
- [variable_min_capacity_margin_slack]  0.000392 seconds (574 allocations: 22.180 KiB)
- [variable_node_injection]  0.230241 seconds (1.92 M allocations: 142.034 MiB, 39.30% gc time)
- [variable_node_pressure]  0.000480 seconds (911 allocations: 36.570 KiB)
- [variable_node_slack_neg]  0.190897 seconds (1.28 M allocations: 90.587 MiB, 52.99% gc time)
- [variable_node_slack_pos]  0.648864 seconds (1.28 M allocations: 89.523 MiB, 82.82% gc time, 1.12% compilation time)
- [variable_node_state]  0.131949 seconds (1.02 M allocations: 54.974 MiB, 28.95% gc time, 10.33% compilation time)
- [variable_node_voltage_angle]  0.000427 seconds (901 allocations: 35.867 KiB)
- [variable_nonspin_units_shut_down]  0.000315 seconds (959 allocations: 52.396 KiB)
- [variable_nonspin_units_started_up]  0.000265 seconds (1.14 k allocations: 47.539 KiB)
- [variable_storages_decommissioned]  0.000218 seconds (1.10 k allocations: 42.711 KiB)
- [variable_storages_invested]  0.000159 seconds (1.27 k allocations: 49.836 KiB)
- [variable_storages_invested_available]  0.000170 seconds (1.25 k allocations: 48.914 KiB)
- [variable_unit_flow]  3.454287 seconds (11.38 M allocations: 1.335 GiB, 34.77% gc time, 28.78% compilation time)
- [variable_unit_flow_op]  0.012881 seconds (154.30 k allocations: 13.794 MiB)
- [variable_unit_flow_op_active]  0.022167 seconds (160.41 k allocations: 13.450 MiB)
- [variable_units_invested]  0.000346 seconds (973 allocations: 37.180 KiB)
- [variable_units_invested_available]  0.000290 seconds (985 allocations: 37.352 KiB)
- [variable_units_mothballed]  0.000406 seconds (884 allocations: 33.367 KiB)
- [variable_units_on]  0.032003 seconds (320.88 k allocations: 20.020 MiB, 27.83% compilation time)
- [variable_units_out_of_service]  0.000547 seconds (779 allocations: 30.289 KiB)
- [variable_units_returned_to_service]  0.000165 seconds (687 allocations: 26.508 KiB)
- [variable_units_shut_down]  0.012797 seconds (161.16 k allocations: 10.638 MiB)
- [variable_units_started_up]  0.044604 seconds (153.60 k allocations: 10.195 MiB, 76.47% gc time)
- [variable_units_taken_out_of_service]  0.000479 seconds (719 allocations: 27.758 KiB)
- [variable_user_constraint_slack_neg]  0.000216 seconds (536 allocations: 19.367 KiB)
- [variable_user_constraint_slack_pos]  0.000179 seconds (536 allocations: 19.367 KiB)
  5.485196 seconds (23.48 M allocations: 2.134 GiB, 39.58% gc time, 20.07% compilation time)
Adding model dependent variables...
- [variable_connection_flow]  0.403136 seconds (4.23 M allocations: 214.841 MiB, 13.06% gc time)
- [variable_unit_flow]ERROR: LoadError: KeyError: key (unit = ch3oh_reactor, node = vaporized_co2, direction = to_node, stochastic_scenario = realisation, t = 2019-12-01T14:00~(1 hour)~>2019-12-01T15:00) not found
Stacktrace:
  [1] (::SpineOpt.var"#1279#1280"{JuMP.Model, Symbol, @NamedTuple{unit::SpineInterface.Object, node::SpineInterface.Object, direction::SpineInterface.Object, stochastic_scenario::SpineInterface.Object, t::SpineInterface.TimeSlice}})()
    @ SpineOpt C:\Users\kar.eco\.julia\packages\SpineOpt\HEhN7\src\variables\variable_common.jl:196
  [2] get(default::SpineOpt.var"#1279#1280"{JuMP.Model, Symbol, @NamedTuple{unit::SpineInterface.Object, node::SpineInterface.Object, direction::SpineInterface.Object, stochastic_scenario::SpineInterface.Object, t::SpineInterface.TimeSlice}}, h::Dict{@NamedTuple{unit::SpineInterface.Object, node::SpineInterface.Object, direction::SpineInterface.Object, stochastic_scenario::SpineInterface.Object, t::SpineInterface.TimeSlice}, Union{JuMP.GenericAffExpr{T, JuMP.VariableRef} where T<:Union{Number, SpineInterface.Call}, JuMP.VariableRef}}, key::@NamedTuple{unit::SpineInterface.Object, node::SpineInterface.Object, direction::SpineInterface.Object, stochastic_scenario::SpineInterface.Object, t::SpineInterface.TimeSlice})
    @ Base .\dict.jl:526
  [3] _get_var_with_replacement(m::JuMP.Model, var_name::Symbol, ind::@NamedTuple{unit::SpineInterface.Object, node::SpineInterface.Object, direction::SpineInterface.Object, stochastic_scenario::SpineInterface.Object, t::SpineInterface.TimeSlice})
    @ SpineOpt C:\Users\kar.eco\.julia\packages\SpineOpt\HEhN7\src\variables\variable_common.jl:189
  [4] (::SpineOpt.var"#1275#1278"{Dict{@NamedTuple{unit::SpineInterface.Object, node::SpineInterface.Object, direction::SpineInterface.Object, stochastic_scenario::SpineInterface.Object, t::SpineInterface.TimeSlice}, SpineInterface.Call}, Symbol, JuMP.Model})(::Pair{@NamedTuple{unit::SpineInterface.Object, node::SpineInterface.Object, direction::SpineInterface.Object, stochastic_scenario::SpineInterface.Object, t::SpineInterface.TimeSlice}, SpineInterface.Call})
    @ SpineOpt .\none:0
  [5] MappingRF
    @ .\reduce.jl:100 [inlined]
  [6] _foldl_impl(op::Base.MappingRF{SpineOpt.var"#1275#1278"{Dict{@NamedTuple{unit::SpineInterface.Object, node::SpineInterface.Object, direction::SpineInterface.Object, stochastic_scenario::SpineInterface.Object, t::SpineInterface.TimeSlice}, SpineInterface.Call}, Symbol, JuMP.Model}, Base.BottomRF{typeof(Base.add_sum)}}, init::Base._InitialValue, itr::Dict{@NamedTuple{unit::SpineInterface.Object, node::SpineInterface.Object, direction::SpineInterface.Object, stochastic_scenario::SpineInterface.Object, t::SpineInterface.TimeSlice}, SpineInterface.Call})
    @ Base .\reduce.jl:58
  [7] FlatteningRF
    @ .\reduce.jl:126 [inlined]
  [8] MappingRF
    @ .\reduce.jl:100 [inlined]
  [9] _foldl_impl(op::Base.MappingRF{SpineOpt.var"#1276#1277"{JuMP.Model}, Base.FlatteningRF{Base.BottomRF{typeof(Base.add_sum)}}}, init::Base._InitialValue, itr::Dict{Symbol, Dict})
    @ Base .\reduce.jl:58
 [10] foldl_impl
    @ .\reduce.jl:48 [inlined]
 [11] mapfoldl_impl
    @ .\reduce.jl:44 [inlined]
 [12] mapfoldl
    @ .\reduce.jl:175 [inlined]
 [13] mapreduce
    @ .\reduce.jl:307 [inlined]
 [14] sum
    @ .\reduce.jl:532 [inlined]
 [15] sum
    @ .\reduce.jl:561 [inlined]
 [16] _resolve_formula(m::JuMP.Model, formula::Dict{Symbol, Dict})
    @ SpineOpt C:\Users\kar.eco\.julia\packages\SpineOpt\HEhN7\src\variables\variable_common.jl:181
 [17] macro expansion
    @ C:\Users\kar.eco\.julia\packages\SpineOpt\HEhN7\src\variables\variable_common.jl:167 [inlined]
 [18] macro expansion
    @ .\timing.jl:581 [inlined]
 [19] (::SpineOpt.var"#1268#1272"{JuMP.Model, Symbol, typeof(unit_flow_indices), Vector{Any}, OrderedCollections.OrderedDict{@NamedTuple{unit::SpineInterface.Object, node::SpineInterface.Object, direction::SpineInterface.Object, stochastic_scenario::SpineInterface.Object, t::SpineInterface.TimeSlice}, Dict{Symbol}}, Dict{Symbol, Any}})()
    @ SpineOpt C:\Users\kar.eco\.julia\packages\SpineOpt\HEhN7\src\util\misc.jl:60
 [20] (::Base.RedirectStdStream)(thunk::SpineOpt.var"#1268#1272"{JuMP.Model, Symbol, typeof(unit_flow_indices), Vector{Any}, OrderedCollections.OrderedDict{@NamedTuple{unit::SpineInterface.Object, node::SpineInterface.Object, direction::SpineInterface.Object, stochastic_scenario::SpineInterface.Object, t::SpineInterface.TimeSlice}, Dict{Symbol}}, Dict{Symbol, Any}}, stream::Pipe)
    @ Base .\stream.jl:1464
 [21] macro expansion
    @ C:\Users\kar.eco\.julia\packages\SpineOpt\HEhN7\src\util\misc.jl:59 [inlined]
 [22] _add_dependent_variables!(m::JuMP.Model; log_level::Int64)
    @ SpineOpt C:\Users\kar.eco\.julia\packages\SpineOpt\HEhN7\src\variables\variable_common.jl:163
 [23] _add_dependent_variables!
    @ C:\Users\kar.eco\.julia\packages\SpineOpt\HEhN7\src\variables\variable_common.jl:158 [inlined]
 [24] macro expansion
    @ .\timing.jl:581 [inlined]
 [25] (::SpineOpt.var"#157#173"{Int64, JuMP.Model})()
    @ SpineOpt C:\Users\kar.eco\.julia\packages\SpineOpt\HEhN7\src\util\misc.jl:60
 [26] (::Base.RedirectStdStream)(thunk::SpineOpt.var"#157#173"{Int64, JuMP.Model}, stream::Pipe)
    @ Base .\stream.jl:1464
 [27] macro expansion
    @ C:\Users\kar.eco\.julia\packages\SpineOpt\HEhN7\src\util\misc.jl:59 [inlined]
 [28] build_model!(m::JuMP.Model; log_level::Int64)
    @ SpineOpt C:\Users\kar.eco\.julia\packages\SpineOpt\HEhN7\src\run_spineopt_basic.jl:85
 [29] build_model!
    @ C:\Users\kar.eco\.julia\packages\SpineOpt\HEhN7\src\run_spineopt_basic.jl:73 [inlined]
 [30] do_run_spineopt!(m::JuMP.Model, url_out::String, ::Val{:basic_algorithm}; log_level::Int64, optimize::Bool, update_names::Bool, alternative::String, write_as_roll::Int64, resume_file_path::Nothing)
    @ SpineOpt C:\Users\kar.eco\.julia\packages\SpineOpt\HEhN7\src\run_spineopt_basic.jl:32
 [31] #invokelatest#2
    @ .\essentials.jl:1057 [inlined]
 [32] invokelatest
    @ .\essentials.jl:1052 [inlined]
 [33] run_spineopt!(m::JuMP.Model, url_out::String; log_level::Int64, optimize::Bool, update_names::Bool, alternative::String, write_as_roll::Int64, resume_file_path::Nothing)
    @ SpineOpt C:\Users\kar.eco\.julia\packages\SpineOpt\HEhN7\src\run_spineopt.jl:369
 [34] run_spineopt!
    @ C:\Users\kar.eco\.julia\packages\SpineOpt\HEhN7\src\run_spineopt.jl:358 [inlined]
 [35] _run_spineopt(f::SpineOpt.var"#64#65", url_in::String, url_out::String; upgrade::Bool, filters::Dict{String, String}, templates::Tuple{}, mip_solver::Nothing, lp_solver::Nothing, use_direct_model::Bool, use_model_names::Bool, add_bridges::Bool, log_level::Int64, alternative::String, kwargs::@Kwargs{optimize::Bool, update_names::Bool, write_as_roll::Int64, resume_file_path::Nothing})
    @ SpineOpt C:\Users\kar.eco\.julia\packages\SpineOpt\HEhN7\src\run_spineopt.jl:162
 [36] #67
    @ C:\Users\kar.eco\.julia\packages\SpineOpt\HEhN7\src\run_spineopt.jl:104 [inlined]
 [37] _log_to_file
    @ C:\Users\kar.eco\.julia\packages\SpineOpt\HEhN7\src\util\misc.jl:246 [inlined]
 [38] #run_spineopt#66
    @ C:\Users\kar.eco\.julia\packages\SpineOpt\HEhN7\src\run_spineopt.jl:103 [inlined]
 [39] run_spineopt(f::Function, url_in::String, url_out::String)
    @ SpineOpt C:\Users\kar.eco\.julia\packages\SpineOpt\HEhN7\src\run_spineopt.jl:83
 [40] #run_spineopt#63
    @ C:\Users\kar.eco\.julia\packages\SpineOpt\HEhN7\src\run_spineopt.jl:67 [inlined]
 [41] run_spineopt(url_in::String, url_out::String)
    @ SpineOpt C:\Users\kar.eco\.julia\packages\SpineOpt\HEhN7\src\run_spineopt.jl:66
 [42] top-level scope
    @ C:\Users\kar.eco\.spinetoolbox\work\run_spineopt__90a117e01d984693b245018d9ae505c3__toolbox\run_spineopt.jl:3
 [43] include(fname::String)
    @ Main .\sysimg.jl:38
 [44] top-level scope
    @ none:1
in expression starting at C:\Users\kar.eco\.spinetoolbox\work\run_spineopt__90a117e01d984693b245018d9ae505c3__toolbox\run_spineopt.jl:3
