### Spine execution log file
### Item name: Run SpineOpt
### Filter id: 
### Part: 1

# Running julia run_spineopt.jl http://127.0.0.1:60737 http://127.0.0.1:60742
2-element Vector{String}:
 "http://127.0.0.1:60737"
 "http://127.0.0.1:60742"
Running SpineOpt...
[SpineOpt version 0.8.3 (git hash: N/A)]
[SpineInterface version 0.14.8 (git hash: N/A)]
Execution started at 2025-06-04T17:24:00.146
Reading input data from sqlite:///C:\Users\djh.eco\OneDrive - CBS - Copenhagen Business School\Documents\GitHub\Nord_H2ub\Spine_Projects\02_basic_energy_model\.spinetoolbox\items\input\Input.sqlite...
Initializing base data structure from db...  0.814496 seconds (305.76 k allocations: 42.698 MiB)
Preprocessing base data structure...  0.173148 seconds (41.44 k allocations: 2.033 MiB, 43.12% compilation time)
Checking base data structure...  0.024192 seconds (7.87 k allocations: 410.484 KiB, 69.76% compilation time)
[ Info: the last time slice of temporal block Default_Investment_period has been cut to fit within the block
[ Info: the last time slice of temporal block daily has been cut to fit within the block
Creating model temporal structure... 93.094482 seconds (433.80 M allocations: 23.799 GiB, 68.49% gc time, 0.02% compilation time)
Creating model stochastic structure...  2.933669 seconds (3.22 M allocations: 490.763 MiB, 67.41% gc time, 20.62% compilation time)
Adding model variables...
- [variable_binary_gas_connection_flow]  0.095623 seconds (2.29 M allocations: 34.958 MiB)
- [variable_connection_flow]  1.172778 seconds (10.36 M allocations: 540.967 MiB, 18.65% compilation time)
- [variable_connection_intact_flow]  0.408371 seconds (3.55 M allocations: 137.170 MiB)
- [variable_connections_decommissioned]  0.175616 seconds (2.29 M allocations: 35.016 MiB)
- [variable_connections_invested]  0.431797 seconds (1.70 M allocations: 135.196 MiB)
- [variable_connections_invested_available]  0.642448 seconds (2.05 M allocations: 154.565 MiB)
- [variable_min_capacity_margin_slack]  2.141024 seconds (2.29 M allocations: 34.938 MiB, 93.71% gc time)
- [variable_node_injection]  0.168557 seconds (3.57 M allocations: 124.727 MiB)
- [variable_node_pressure]  0.076507 seconds (2.29 M allocations: 34.948 MiB)
- [variable_node_slack_neg]  0.132306 seconds (3.13 M allocations: 90.608 MiB)
- [variable_node_slack_pos]  0.151794 seconds (3.13 M allocations: 94.852 MiB)
- [variable_node_state]  0.195834 seconds (3.13 M allocations: 80.686 MiB, 10.73% compilation time)
- [variable_node_voltage_angle]  0.097814 seconds (2.29 M allocations: 34.948 MiB)
- [variable_nonspin_units_shut_down]  0.102976 seconds (2.29 M allocations: 34.968 MiB)
- [variable_nonspin_units_started_up]  0.094302 seconds (2.29 M allocations: 34.958 MiB)
- [variable_storages_decommissioned]  0.110891 seconds (2.29 M allocations: 34.985 MiB)
- [variable_storages_invested]  0.138923 seconds (1.92 M allocations: 79.046 MiB, 18.60% compilation time)
- [variable_storages_invested_available]  0.127626 seconds (1.99 M allocations: 83.094 MiB)
- [variable_unit_flow]  1.189747 seconds (9.64 M allocations: 531.100 MiB, 30.76% gc time, 10.51% compilation time)
- [variable_unit_flow_op]  0.121551 seconds (2.55 M allocations: 55.666 MiB)
- [variable_unit_flow_op_active]  0.112421 seconds (2.67 M allocations: 61.828 MiB)
- [variable_units_invested]  0.155610 seconds (2.17 M allocations: 141.457 MiB)
- [variable_units_invested_available]  0.203147 seconds (2.72 M allocations: 172.247 MiB)
- [variable_units_mothballed]  0.085832 seconds (2.29 M allocations: 35.108 MiB)
- [variable_units_on]  0.141484 seconds (3.32 M allocations: 92.997 MiB)
- [variable_units_out_of_service]  0.082103 seconds (2.29 M allocations: 34.945 MiB)
- [variable_units_returned_to_service]  0.092531 seconds (2.29 M allocations: 34.941 MiB)
- [variable_units_shut_down]  0.317762 seconds (2.39 M allocations: 41.990 MiB, 70.81% gc time)
- [variable_units_started_up]  0.077863 seconds (2.39 M allocations: 41.657 MiB)
- [variable_units_taken_out_of_service]  0.077091 seconds (2.29 M allocations: 34.943 MiB)
- [variable_user_constraint_slack_neg]  0.071860 seconds (2.29 M allocations: 34.937 MiB)
- [variable_user_constraint_slack_pos]  0.075009 seconds (2.29 M allocations: 34.937 MiB)
  9.299998 seconds (94.49 M allocations: 3.088 GiB, 27.93% gc time, 4.20% compilation time)
Adding model expressions...
- [expression_capacity_margin]  0.000419 seconds (65 allocations: 3.000 KiB)
  0.001575 seconds (137 allocations: 6.977 KiB)
Adding model constraints...
- [constraint_candidate_connection_flow_lb]  0.002147 seconds (113 allocations: 5.047 KiB)
- [constraint_candidate_connection_flow_ub]  0.000277 seconds (106 allocations: 4.344 KiB)
- [constraint_compression_ratio]  0.000120 seconds (55 allocations: 3.547 KiB)
- [constraint_connection_flow_capacity]  0.858349 seconds (10.86 M allocations: 643.412 MiB, 3.82% compilation time)
- [constraint_connection_flow_gas_capacity]  0.000121 seconds (55 allocations: 3.547 KiB)
- [constraint_connection_flow_intact_flow]  0.000270 seconds (59 allocations: 2.734 KiB)
- [constraint_connection_flow_lodf]  0.001743 seconds (63 allocations: 3.305 KiB)
- [constraint_connection_intact_flow_capacity]  0.000235 seconds (96 allocations: 4.531 KiB)
- [constraint_connection_intact_flow_ptdf]  0.000141 seconds (43 allocations: 2.297 KiB)
- [constraint_connection_lifetime] 23.490419 seconds (77.39 M allocations: 8.748 GiB, 78.17% gc time, 0.06% compilation time)
- [constraint_connection_unitary_gas_flow]  0.000096 seconds (58 allocations: 4.703 KiB)
- [constraint_connections_invested_available]  0.001259 seconds (1.02 k allocations: 57.328 KiB)
- [constraint_connections_invested_transition]  0.004699 seconds (3.02 k allocations: 177.172 KiB)
- [constraint_cyclic_node_state]  0.014484 seconds (2.36 k allocations: 114.531 KiB, 97.80% compilation time)
- [constraint_fix_node_pressure_point]  0.000748 seconds (55 allocations: 3.547 KiB)
- [constraint_fix_ratio_in_in_unit_flow]  0.462454 seconds (4.42 M allocations: 297.853 MiB, 4.54% compilation time)
- [constraint_fix_ratio_in_out_unit_flow]  0.000314 seconds (184 allocations: 15.500 KiB)
- [constraint_fix_ratio_out_in_connection_flow]  0.046216 seconds (214.97 k allocations: 15.524 MiB, 32.92% compilation time)
- [constraint_fix_ratio_out_in_unit_flow]  0.000217 seconds (184 allocations: 15.500 KiB)
- [constraint_fix_ratio_out_out_unit_flow]  0.170266 seconds (1.51 M allocations: 106.021 MiB)
- [constraint_investment_group_equal_investments]  0.010271 seconds (20.95 k allocations: 4.795 MiB)
- [constraint_investment_group_maximum_capacity_invested_available]  0.000077 seconds (28 allocations: 1.734 KiB)
- [constraint_investment_group_maximum_entities_invested_available]  0.000086 seconds (27 allocations: 1.688 KiB)
- [constraint_investment_group_minimum_capacity_invested_available]  0.000150 seconds (26 allocations: 1.641 KiB)
- [constraint_investment_group_minimum_entities_invested_available]  0.000088 seconds (26 allocations: 1.641 KiB)
- [constraint_max_node_pressure]  0.000309 seconds (185 allocations: 8.453 KiB)
- [constraint_max_node_voltage_angle]  0.000266 seconds (237 allocations: 10.531 KiB)
- [constraint_max_ratio_in_in_unit_flow]  0.000201 seconds (184 allocations: 15.500 KiB)
- [constraint_max_ratio_in_out_unit_flow]  0.000109 seconds (184 allocations: 15.500 KiB)
- [constraint_max_ratio_out_in_connection_flow]  0.000063 seconds (58 allocations: 3.703 KiB)
- [constraint_max_ratio_out_in_unit_flow]  0.000096 seconds (184 allocations: 15.500 KiB)
- [constraint_max_ratio_out_out_unit_flow]  0.000079 seconds (184 allocations: 15.500 KiB)
- [constraint_max_total_cumulated_unit_flow_from_node]  0.000076 seconds (77 allocations: 4.906 KiB)
- [constraint_max_total_cumulated_unit_flow_to_node]  0.000046 seconds (73 allocations: 4.656 KiB)
- [constraint_min_capacity_margin]  0.000445 seconds (77 allocations: 3.766 KiB)
- [constraint_min_down_time]  1.562163 seconds (13.21 M allocations: 810.368 MiB, 24.11% gc time, 1.12% compilation time)
- [constraint_min_node_pressure]  0.000672 seconds (184 allocations: 8.422 KiB)
- [constraint_min_node_voltage_angle]  0.000096 seconds (237 allocations: 10.531 KiB)
- [constraint_min_ratio_in_in_unit_flow]  0.000212 seconds (184 allocations: 15.500 KiB)
- [constraint_min_ratio_in_out_unit_flow]  0.000081 seconds (184 allocations: 15.500 KiB)
- [constraint_min_ratio_out_in_connection_flow]  0.000115 seconds (58 allocations: 3.703 KiB)
- [constraint_min_ratio_out_in_unit_flow]  0.000087 seconds (184 allocations: 15.500 KiB)
- [constraint_min_ratio_out_out_unit_flow]  0.000146 seconds (189 allocations: 19.844 KiB)
- [constraint_min_scheduled_outage_duration]  0.000197 seconds (50 allocations: 2.641 KiB)
- [constraint_min_total_cumulated_unit_flow_from_node]  0.000075 seconds (77 allocations: 4.906 KiB)
- [constraint_min_total_cumulated_unit_flow_to_node]  0.000063 seconds (73 allocations: 4.656 KiB)
- [constraint_min_up_time]  0.000146 seconds (52 allocations: 2.734 KiB)
- [constraint_minimum_operating_point]  0.087252 seconds (945.79 k allocations: 57.864 MiB)
- [constraint_nodal_balance]  0.213977 seconds (2.92 M allocations: 166.462 MiB)
- [constraint_node_injection]  1.579211 seconds (17.49 M allocations: 884.198 MiB, 21.61% gc time)
- [constraint_node_state_capacity]  0.158582 seconds (2.15 M allocations: 116.903 MiB)
- [constraint_node_voltage_angle]  0.000080 seconds (39 allocations: 2.188 KiB)
- [constraint_non_spinning_reserves_lower_bound]  0.000180 seconds (345 allocations: 17.141 KiB)
- [constraint_non_spinning_reserves_shut_down_upper_bound]  0.000162 seconds (354 allocations: 17.938 KiB)
- [constraint_non_spinning_reserves_start_up_upper_bound]  0.000171 seconds (354 allocations: 17.938 KiB)
- [constraint_operating_point_bounds]111.834940 seconds (707.60 M allocations: 56.158 GiB, 19.21% gc time)
- [constraint_operating_point_rank]  0.015408 seconds (188.59 k allocations: 16.774 MiB)
- [constraint_ramp_down]  0.368843 seconds (4.81 M allocations: 294.767 MiB)
- [constraint_ramp_up]  0.412962 seconds (4.88 M allocations: 297.512 MiB)
- [constraint_ratio_out_in_connection_intact_flow]  0.000336 seconds (57 allocations: 2.672 KiB)
- [constraint_storage_lifetime]  3.165165 seconds (20.77 M allocations: 2.405 GiB, 53.55% gc time, 0.67% compilation time)
- [constraint_storage_line_pack]  0.000100 seconds (56 allocations: 3.594 KiB)
- [constraint_storages_invested_available]  0.001142 seconds (593 allocations: 32.938 KiB)
- [constraint_storages_invested_transition]  0.001208 seconds (2.88 k allocations: 142.859 KiB)
- [constraint_unit_flow_capacity]  5.315262 seconds (6.32 M allocations: 358.818 MiB, 91.32% gc time)
- [constraint_unit_flow_op_bounds]  0.126042 seconds (1.47 M allocations: 82.921 MiB, 15.01% compilation time)
- [constraint_unit_flow_op_rank]  0.069894 seconds (1.01 M allocations: 59.824 MiB)
- [constraint_unit_flow_op_sum]  0.374646 seconds (80.52 k allocations: 7.382 MiB)
- [constraint_unit_lifetime] 10.245481 seconds (102.93 M allocations: 11.989 GiB, 34.92% gc time)
- [constraint_unit_pw_heat_rate]  0.000403 seconds (43 allocations: 2.797 KiB)
- [constraint_unit_state_transition]  0.022952 seconds (287.36 k allocations: 20.116 MiB)
- [constraint_units_available]  0.541723 seconds (9.05 M allocations: 469.483 MiB)
- [constraint_units_invested_available]  0.002760 seconds (2.19 k allocations: 126.008 KiB)
- [constraint_units_invested_transition]  0.002017 seconds (8.66 k allocations: 475.703 KiB)
- [constraint_units_out_of_service_contiguity]  0.000113 seconds (51 allocations: 2.688 KiB)
- [constraint_units_out_of_service_transition]  0.000698 seconds (68 allocations: 3.578 KiB)
- [constraint_user_constraint]  0.507353 seconds (2.09 M allocations: 128.463 MiB, 44.99% gc time, 13.25% compilation time)
161.997023 seconds (999.22 M allocations: 84.357 GiB, 31.43% gc time, 0.14% compilation time)
Setting model objective...  0.400709 seconds (6.01 M allocations: 331.101 MiB, 19.17% compilation time)
Bringing model to the first window...  1.499769 seconds (20.59 M allocations: 1.114 GiB, 16.47% gc time)
model - Window 1 of 2: 2019-01-01T00:00~(4 weeks, 2 days, 10 hours)~>2019-01-31T10:00
Optimizing model...Running HiGHS 1.9.0 (git hash: 66f735e60): Copyright (c) 2024 HiGHS under MIT licence terms
Coefficient ranges:
  Matrix [7e-04, 1e+03]
  Cost   [1e-03, 1e+10]
  Bound  [1e+00, 1e+03]
  RHS    [1e+00, 2e+01]
Presolving model
1635283 rows, 49765 cols, 3337333 nonzeros  0s
19360 rows, 24584 cols, 97727 nonzeros  3s
17899 rows, 23848 cols, 94790 nonzeros  3s
Solving MIP model with:
   17899 rows
   23848 cols (1454 binary, 322 integer, 0 implied int., 22072 continuous)
   94790 nonzeros
Src: B => Branching; C => Central rounding; F => Feasibility pump; H => Heuristic; L => Sub-MIP;
     P => Empty MIP; R => Randomized rounding; S => Solve LP; T => Evaluate node; U => Unbounded;
     z => Trivial zero; l => Trivial lower; u => Trivial upper; p => Trivial point
        Nodes      |    B&B Tree     |            Objective Bounds              |  Dynamic Constraints |       Work
Src  Proc. InQueue |  Leaves   Expl. | BestBound       BestSol              Gap |   Cuts   InLp Confl. | LpIters     Time
         0       0         0   0.00%   9804564784.04   inf                  inf        0      0      0         0     3.7s
 T       0       0         0   0.00%   9804564784.04   9804759421.582     0.00%        0      0      0      3004     3.9s
         1       0         1 100.00%   9804759421.582  9804759421.582     0.00%        0      0      0      3004     3.9s
Solving report
  Status            Optimal
  Primal bound      9804759421.58
  Dual bound        9804759421.58
  Gap               0% (tolerance: 0%)
  P-D integral      7.64083661157e-08
  Solution status   feasible
                    9804759421.58 (objective)
                    0 (bound viol.)
                    0 (int. viol.)
                    0 (row viol.)
  Timing            3.91 (total)
                    0.00 (presolve)
                    0.00 (solve)
                    0.00 (postsolve)
  Max sub-MIP depth 0
  Nodes             1
  Repair LPs        0 (0 feasible; 0 iterations)
  LP iterations     3004 (total)
                    0 (strong br.)
                    0 (separation)
                    0 (heuristics)
  7.739483 seconds (25.47 M allocations: 1.314 GiB, 4.39% gc time)
Optimal solution found, objective function value: 9.804759421581902e9
Saving model results...  0.183594 seconds (3.14 M allocations: 139.266 MiB)
Postprocessing model results...  0.000055 seconds (48 allocations: 3.312 KiB)
Saving model outputs...  0.197676 seconds (2.40 M allocations: 187.313 MiB)
model - Rolling temporal structure...
  0.213105 seconds (3.89 M allocations: 105.261 MiB)
Fixing history...  1.385098 seconds (14.45 M allocations: 1.090 GiB, 20.05% gc time)
Applying non-anticipativity constraints...  0.000250 seconds (413 allocations: 20.641 KiB)
model - Window 2 of 2: 2019-01-31T10:00~(4 weeks, 2 days, 10 hours)~>2019-03-02T20:00
Optimizing model...Coefficient ranges:
  Matrix [7e-04, 1e+03]
  Cost   [1e-03, 1e+10]
  Bound  [4e-01, 1e+03]
  RHS    [1e+00, 2e+01]
Presolving model
1636737 rows, 49760 cols, 3338775 nonzeros  0s
19124 rows, 24319 cols, 94524 nonzeros  3s
17662 rows, 23587 cols, 91608 nonzeros  3s
Solving MIP model with:
   17662 rows
   23587 cols (1365 binary, 302 integer, 0 implied int., 21920 continuous)
   91608 nonzeros
Src: B => Branching; C => Central rounding; F => Feasibility pump; H => Heuristic; L => Sub-MIP;
     P => Empty MIP; R => Randomized rounding; S => Solve LP; T => Evaluate node; U => Unbounded;
     z => Trivial zero; l => Trivial lower; u => Trivial upper; p => Trivial point
        Nodes      |    B&B Tree     |            Objective Bounds              |  Dynamic Constraints |       Work
Src  Proc. InQueue |  Leaves   Expl. | BestBound       BestSol              Gap |   Cuts   InLp Confl. | LpIters     Time
         0       0         0   0.00%   9809894980.747  inf                  inf        0      0      0         0     4.0s
 T       0       0         0   0.00%   9809894980.747  9809908557.327     0.00%        0      0      0      2407     4.1s
         1       0         1 100.00%   9809908557.327  9809908557.327     0.00%        0      0      0      2407     4.1s
Solving report
  Status            Optimal
  Primal bound      9809908557.33
  Dual bound        9809908557.33
  Gap               0% (tolerance: 0%)
  P-D integral      3.90808435015e-09
  Solution status   feasible
                    9809908557.33 (objective)
                    0 (bound viol.)
                    0 (int. viol.)
                    0 (row viol.)
  Timing            4.13 (total)
                    0.00 (presolve)
                    0.00 (solve)
                    0.00 (postsolve)
  Max sub-MIP depth 0
  Nodes             1
  Repair LPs        0 (0 feasible; 0 iterations)
  LP iterations     2407 (total)
                    0 (strong br.)
                    0 (separation)
                    0 (heuristics)
  4.221281 seconds (2 allocations: 32 bytes)
Optimal solution found, objective function value: 9.8099085573269e9
Saving model results...  0.200190 seconds (3.14 M allocations: 139.260 MiB)
Postprocessing model results...  0.000122 seconds (48 allocations: 3.312 KiB)
Saving model outputs...  0.511012 seconds (2.29 M allocations: 185.429 MiB, 59.09% gc time)
model - Rolling temporal structure...
  0.000097 seconds (47 allocations: 1.312 KiB)
model ... Rolling complete
Writing report to sqlite:///C:\Users\djh.eco\OneDrive - CBS - Copenhagen Business School\Documents\GitHub\Nord_H2ub\Spine_Projects\02_basic_energy_model\.spinetoolbox\items\outputtest\OutputTest.sqlite?spinedbfilter=cfg%3Aexecution%3A%7B%22execution_item%22%3A+%22Run+SpineOpt%22%2C+%22scenarios%22%3A+%5B%5D%2C+%22timestamp%22%3A+%222025-06-04T17%3A23%3A26%22%7D...  1.783238 seconds (2.27 M allocations: 131.359 MiB)
Execution complete. Started at 2025-06-04T17:24:00.146, ended at 2025-06-04T17:28:47.364, elapsed time: 4 minutes, 47 seconds, 218 milliseconds
A JuMP Model
├ solver: HiGHS
├ objective_sense: MIN_SENSE
│ └ objective_function_type: JuMP.AffExpr
├ num_variables: 91727
├ num_constraints: 1755633
│ ├ JuMP.AffExpr in MOI.EqualTo{Float64}: 27849
│ ├ JuMP.AffExpr in MOI.GreaterThan{Float64}: 3665
│ ├ JuMP.AffExpr in MOI.LessThan{Float64}: 1629375
│ ├ JuMP.VariableRef in MOI.EqualTo{Float64}: 632
│ ├ JuMP.VariableRef in MOI.GreaterThan{Float64}: 78654
│ ├ JuMP.VariableRef in MOI.LessThan{Float64}: 13171
│ └ JuMP.VariableRef in MOI.Integer: 2287
└ Names registered in the model: none
