### Spine execution log file
### Item name: Run SpineOpt
### Filter id: 
### Part: 1

# Running julia run_spineopt.jl http://127.0.0.1:49387 http://127.0.0.1:49390
2-element Vector{String}:
 "http://127.0.0.1:49387"
 "http://127.0.0.1:49390"
WARNING: using JuMP.parameter_value in module SpineInterface conflicts with an existing identifier.
Running SpineOpt...
WARNING: using JuMP.Parameter in module SpineInterface conflicts with an existing identifier.
[SpineOpt version 0.10.2 (git hash: N/A)]
[SpineInterface version 0.15.2 (git hash: N/A)]
Execution started at 2025-11-03T12:01:11.089
Reading input data from sqlite:///C:\Users\kar.eco\Documents\GitHub\Nord_H2ub\Spine_Projects\02_basic_energy_model\.spinetoolbox\items\input\Input.sqlite...
Initializing  data structure from db... 21.498044 seconds (28.40 M allocations: 1.403 GiB, 2.15% gc time, 96.45% compilation time)
Preprocessing  data structure... 18.058677 seconds (15.22 M allocations: 756.208 MiB, 0.76% gc time, 99.45% compilation time)
Checking  data structure...  1.526087 seconds (1.03 M allocations: 51.911 MiB, 1.64% gc time, 99.72% compilation time)
Build started at 2025-11-03T12:02:18.332
Creating model temporal structure...[ Info: the last time slice of temporal block Default_Investment_period has been cut to fit within the block
[ Info: the last time slice of temporal block daily has been cut to fit within the block
 58.949252 seconds (438.02 M allocations: 22.527 GiB, 35.54% gc time, 10.85% compilation time)
Creating model stochastic structure...  5.585730 seconds (10.20 M allocations: 799.370 MiB, 92.10% compilation time)
Adding model independent variables...
- [variable_binary_gas_connection_flow]  3.161722 seconds (5.84 M allocations: 208.146 MiB, 96.52% compilation time)
- [variable_connection_flow] 17.153995 seconds (22.29 M allocations: 1.147 GiB, 23.12% gc time, 95.90% compilation time)
- [variable_connection_intact_flow]  1.946305 seconds (7.70 M allocations: 420.535 MiB, 75.46% compilation time)
- [variable_connections_decommissioned]  3.366106 seconds (6.27 M allocations: 228.944 MiB, 96.98% compilation time)
- [variable_connections_invested]  0.384406 seconds (2.10 M allocations: 118.997 MiB, 45.58% compilation time)
- [variable_connections_invested_available]  1.275954 seconds (2.89 M allocations: 160.133 MiB, 84.04% compilation time)
- [variable_min_capacity_margin_slack]  1.741666 seconds (4.06 M allocations: 121.418 MiB, 17.77% gc time, 76.95% compilation time)
- [variable_node_injection]  2.815744 seconds (7.66 M allocations: 374.948 MiB, 84.91% compilation time)
- [variable_node_pressure]  0.920284 seconds (3.09 M allocations: 75.570 MiB, 89.22% compilation time)
- [variable_node_slack_neg]  1.158076 seconds (5.48 M allocations: 235.878 MiB, 67.51% compilation time)
- [variable_node_slack_pos]  0.633233 seconds (4.83 M allocations: 207.357 MiB, 41.61% gc time)
- [variable_node_state]  2.836841 seconds (6.06 M allocations: 232.317 MiB, 91.29% compilation time)
- [variable_node_voltage_angle]  0.939207 seconds (3.10 M allocations: 75.879 MiB, 87.55% compilation time)
- [variable_nonspin_units_shut_down]  1.682125 seconds (4.34 M allocations: 134.134 MiB, 94.29% compilation time)
- [variable_nonspin_units_started_up]  0.923359 seconds (3.44 M allocations: 89.545 MiB, 89.51% compilation time)
- [variable_storages_decommissioned]  2.642299 seconds (4.48 M allocations: 142.247 MiB, 9.37% gc time, 95.28% compilation time)
- [variable_storages_invested]  0.380351 seconds (2.39 M allocations: 85.189 MiB, 67.91% compilation time)
- [variable_storages_invested_available]  0.240733 seconds (2.05 M allocations: 67.921 MiB, 52.74% compilation time)
- [variable_unit_flow] 10.302281 seconds (24.13 M allocations: 1.347 GiB, 3.88% gc time, 84.18% compilation time)
- [variable_unit_flow_op]  4.240721 seconds (7.96 M allocations: 344.106 MiB, 95.47% compilation time)
- [variable_unit_flow_op_active]  2.310219 seconds (4.74 M allocations: 187.997 MiB, 9.33% gc time, 91.54% compilation time)
- [variable_units_invested]  3.206798 seconds (5.72 M allocations: 286.193 MiB, 91.93% compilation time)
- [variable_units_invested_available]  0.622376 seconds (2.55 M allocations: 132.845 MiB, 19.66% gc time, 42.24% compilation time)
- [variable_units_mothballed]  0.076420 seconds (2.29 M allocations: 35.355 MiB)
- [variable_units_on]  3.514299 seconds (8.22 M allocations: 359.305 MiB, 91.44% compilation time)
- [variable_units_out_of_service]  0.763012 seconds (3.03 M allocations: 72.661 MiB, 87.65% compilation time)
- [variable_units_returned_to_service]  0.345381 seconds (2.38 M allocations: 39.662 MiB, 42.86% gc time, 29.29% compilation time)
- [variable_units_shut_down]  1.676786 seconds (3.64 M allocations: 108.508 MiB, 92.97% compilation time)
- [variable_units_started_up]  0.166698 seconds (2.58 M allocations: 54.220 MiB, 34.31% compilation time)
- [variable_units_taken_out_of_service]  0.128170 seconds (2.31 M allocations: 35.956 MiB, 10.55% compilation time)
- [variable_user_constraint_slack_neg]  1.188414 seconds (3.95 M allocations: 115.276 MiB, 89.36% compilation time)
- [variable_user_constraint_slack_pos]  0.175360 seconds (2.29 M allocations: 34.897 MiB, 54.07% gc time)
 77.995089 seconds (191.21 M allocations: 7.994 GiB, 7.39% gc time, 88.83% compilation time)
Adding model dependent variables...
- [variable_connection_flow]  3.124270 seconds (7.47 M allocations: 365.284 MiB, 95.03% compilation time)
- [variable_unit_flow]ERROR: LoadError: KeyError: key (unit = ch3oh_reactor, node = vaporized_co2, direction = to_node, stochastic_scenario = realisation, t = 2019-12-01T14:00~(1 hour)~>2019-12-01T15:00) not found
Stacktrace:
  [1] (::SpineOpt.var"#1279#1280"{JuMP.Model, Symbol, @NamedTuple{unit::SpineInterface.Object, node::SpineInterface.Object, direction::SpineInterface.Object, stochastic_scenario::SpineInterface.Object, t::SpineInterface.TimeSlice}})()
    @ SpineOpt C:\Users\kar.eco\.julia\packages\SpineOpt\HEhN7\src\variables\variable_common.jl:196
  [2] get(default::SpineOpt.var"#1279#1280"{JuMP.Model, Symbol, @NamedTuple{unit::SpineInterface.Object, node::SpineInterface.Object, direction::SpineInterface.Object, stochastic_scenario::SpineInterface.Object, t::SpineInterface.TimeSlice}}, h::Dict{@NamedTuple{unit::SpineInterface.Object, node::SpineInterface.Object, direction::SpineInterface.Object, stochastic_scenario::SpineInterface.Object, t::SpineInterface.TimeSlice}, Union{JuMP.GenericAffExpr{T, JuMP.VariableRef} where T<:Union{Number, SpineInterface.Call}, JuMP.VariableRef}}, key::@NamedTuple{unit::SpineInterface.Object, node::SpineInterface.Object, direction::SpineInterface.Object, stochastic_scenario::SpineInterface.Object, t::SpineInterface.TimeSlice})
    @ Base .\dict.jl:526
  [3] _get_var_with_replacement(m::JuMP.Model, var_name::Symbol, ind::@NamedTuple{unit::SpineInterface.Object, node::SpineInterface.Object, direction::SpineInterface.Object, stochastic_scenario::SpineInterface.Object, t::SpineInterface.TimeSlice})
    @ SpineOpt C:\Users\kar.eco\.julia\packages\SpineOpt\HEhN7\src\variables\variable_common.jl:189
  [4] (::SpineOpt.var"#1275#1278"{Dict{@NamedTuple{unit::SpineInterface.Object, node::SpineInterface.Object, direction::SpineInterface.Object, stochastic_scenario::SpineInterface.Object, t::SpineInterface.TimeSlice}, SpineInterface.Call}, Symbol, JuMP.Model})(::Pair{@NamedTuple{unit::SpineInterface.Object, node::SpineInterface.Object, direction::SpineInterface.Object, stochastic_scenario::SpineInterface.Object, t::SpineInterface.TimeSlice}, SpineInterface.Call})
    @ SpineOpt .\none:0
  [5] MappingRF
    @ .\reduce.jl:100 [inlined]
  [6] _foldl_impl(op::Base.MappingRF{SpineOpt.var"#1275#1278"{Dict{@NamedTuple{unit::SpineInterface.Object, node::SpineInterface.Object, direction::SpineInterface.Object, stochastic_scenario::SpineInterface.Object, t::SpineInterface.TimeSlice}, SpineInterface.Call}, Symbol, JuMP.Model}, Base.BottomRF{typeof(Base.add_sum)}}, init::Base._InitialValue, itr::Dict{@NamedTuple{unit::SpineInterface.Object, node::SpineInterface.Object, direction::SpineInterface.Object, stochastic_scenario::SpineInterface.Object, t::SpineInterface.TimeSlice}, SpineInterface.Call})
    @ Base .\reduce.jl:58
  [7] FlatteningRF
    @ .\reduce.jl:126 [inlined]
  [8] MappingRF
    @ .\reduce.jl:100 [inlined]
  [9] _foldl_impl(op::Base.MappingRF{SpineOpt.var"#1276#1277"{JuMP.Model}, Base.FlatteningRF{Base.BottomRF{typeof(Base.add_sum)}}}, init::Base._InitialValue, itr::Dict{Symbol, Dict})
    @ Base .\reduce.jl:58
 [10] foldl_impl
    @ .\reduce.jl:48 [inlined]
 [11] mapfoldl_impl
    @ .\reduce.jl:44 [inlined]
 [12] mapfoldl
    @ .\reduce.jl:175 [inlined]
 [13] mapreduce
    @ .\reduce.jl:307 [inlined]
 [14] sum
    @ .\reduce.jl:532 [inlined]
 [15] sum
    @ .\reduce.jl:561 [inlined]
 [16] _resolve_formula(m::JuMP.Model, formula::Dict{Symbol, Dict})
    @ SpineOpt C:\Users\kar.eco\.julia\packages\SpineOpt\HEhN7\src\variables\variable_common.jl:181
 [17] macro expansion
    @ C:\Users\kar.eco\.julia\packages\SpineOpt\HEhN7\src\variables\variable_common.jl:167 [inlined]
 [18] macro expansion
    @ .\timing.jl:581 [inlined]
 [19] (::SpineOpt.var"#1268#1272"{JuMP.Model, Symbol, typeof(unit_flow_indices), Vector{Any}, OrderedCollections.OrderedDict{@NamedTuple{unit::SpineInterface.Object, node::SpineInterface.Object, direction::SpineInterface.Object, stochastic_scenario::SpineInterface.Object, t::SpineInterface.TimeSlice}, Dict{Symbol}}, Dict{Symbol, Any}})()
    @ SpineOpt C:\Users\kar.eco\.julia\packages\SpineOpt\HEhN7\src\util\misc.jl:60
 [20] (::Base.RedirectStdStream)(thunk::SpineOpt.var"#1268#1272"{JuMP.Model, Symbol, typeof(unit_flow_indices), Vector{Any}, OrderedCollections.OrderedDict{@NamedTuple{unit::SpineInterface.Object, node::SpineInterface.Object, direction::SpineInterface.Object, stochastic_scenario::SpineInterface.Object, t::SpineInterface.TimeSlice}, Dict{Symbol}}, Dict{Symbol, Any}}, stream::Pipe)
    @ Base .\stream.jl:1464
 [21] macro expansion
    @ C:\Users\kar.eco\.julia\packages\SpineOpt\HEhN7\src\util\misc.jl:59 [inlined]
 [22] _add_dependent_variables!(m::JuMP.Model; log_level::Int64)
    @ SpineOpt C:\Users\kar.eco\.julia\packages\SpineOpt\HEhN7\src\variables\variable_common.jl:163
 [23] _add_dependent_variables!
    @ C:\Users\kar.eco\.julia\packages\SpineOpt\HEhN7\src\variables\variable_common.jl:158 [inlined]
 [24] macro expansion
    @ .\timing.jl:581 [inlined]
 [25] (::SpineOpt.var"#157#173"{Int64, JuMP.Model})()
    @ SpineOpt C:\Users\kar.eco\.julia\packages\SpineOpt\HEhN7\src\util\misc.jl:60
 [26] (::Base.RedirectStdStream)(thunk::SpineOpt.var"#157#173"{Int64, JuMP.Model}, stream::Pipe)
    @ Base .\stream.jl:1464
 [27] macro expansion
    @ C:\Users\kar.eco\.julia\packages\SpineOpt\HEhN7\src\util\misc.jl:59 [inlined]
 [28] build_model!(m::JuMP.Model; log_level::Int64)
    @ SpineOpt C:\Users\kar.eco\.julia\packages\SpineOpt\HEhN7\src\run_spineopt_basic.jl:85
 [29] build_model!
    @ C:\Users\kar.eco\.julia\packages\SpineOpt\HEhN7\src\run_spineopt_basic.jl:73 [inlined]
 [30] do_run_spineopt!(m::JuMP.Model, url_out::String, ::Val{:basic_algorithm}; log_level::Int64, optimize::Bool, update_names::Bool, alternative::String, write_as_roll::Int64, resume_file_path::Nothing)
    @ SpineOpt C:\Users\kar.eco\.julia\packages\SpineOpt\HEhN7\src\run_spineopt_basic.jl:32
 [31] #invokelatest#2
    @ .\essentials.jl:1057 [inlined]
 [32] invokelatest
    @ .\essentials.jl:1052 [inlined]
 [33] run_spineopt!(m::JuMP.Model, url_out::String; log_level::Int64, optimize::Bool, update_names::Bool, alternative::String, write_as_roll::Int64, resume_file_path::Nothing)
    @ SpineOpt C:\Users\kar.eco\.julia\packages\SpineOpt\HEhN7\src\run_spineopt.jl:369
 [34] run_spineopt!
    @ C:\Users\kar.eco\.julia\packages\SpineOpt\HEhN7\src\run_spineopt.jl:358 [inlined]
 [35] _run_spineopt(f::SpineOpt.var"#64#65", url_in::String, url_out::String; upgrade::Bool, filters::Dict{String, String}, templates::Tuple{}, mip_solver::Nothing, lp_solver::Nothing, use_direct_model::Bool, use_model_names::Bool, add_bridges::Bool, log_level::Int64, alternative::String, kwargs::@Kwargs{optimize::Bool, update_names::Bool, write_as_roll::Int64, resume_file_path::Nothing})
    @ SpineOpt C:\Users\kar.eco\.julia\packages\SpineOpt\HEhN7\src\run_spineopt.jl:162
 [36] #67
    @ C:\Users\kar.eco\.julia\packages\SpineOpt\HEhN7\src\run_spineopt.jl:104 [inlined]
 [37] _log_to_file
    @ C:\Users\kar.eco\.julia\packages\SpineOpt\HEhN7\src\util\misc.jl:246 [inlined]
 [38] #run_spineopt#66
    @ C:\Users\kar.eco\.julia\packages\SpineOpt\HEhN7\src\run_spineopt.jl:103 [inlined]
 [39] run_spineopt(f::Function, url_in::String, url_out::String)
    @ SpineOpt C:\Users\kar.eco\.julia\packages\SpineOpt\HEhN7\src\run_spineopt.jl:83
 [40] #run_spineopt#63
    @ C:\Users\kar.eco\.julia\packages\SpineOpt\HEhN7\src\run_spineopt.jl:67 [inlined]
 [41] run_spineopt(url_in::String, url_out::String)
    @ SpineOpt C:\Users\kar.eco\.julia\packages\SpineOpt\HEhN7\src\run_spineopt.jl:66
 [42] top-level scope
    @ C:\Users\kar.eco\.spinetoolbox\work\run_spineopt__a4de7a40f7c742eb86bb580780d58c1a__toolbox\run_spineopt.jl:3
 [43] include(fname::String)
    @ Main .\sysimg.jl:38
 [44] top-level scope
    @ none:1
in expression starting at C:\Users\kar.eco\.spinetoolbox\work\run_spineopt__a4de7a40f7c742eb86bb580780d58c1a__toolbox\run_spineopt.jl:3
