### Spine execution log file
### Item name: Run SpineOpt
### Filter id: 
### Part: 1

# Running julia run_spineopt.jl http://127.0.0.1:63916 http://127.0.0.1:63923
2-element Vector{String}:
 "http://127.0.0.1:63916"
 "http://127.0.0.1:63923"
WARNING: using JuMP.parameter_value in module SpineInterface conflicts with an existing identifier.
WARNING: using JuMP.Parameter in module SpineInterface conflicts with an existing identifier.
WARNING: could not import JuMP.MutableArithmetics into SpineInterface
┌ Warning: Error requiring `JuMP` from `SpineInterface`
│   exception =
│    LoadError: UndefVarError: `MutableArithmetics` not defined in `SpineInterface`
│    Suggestion: check for spelling errors or missing imports.
│    Hint: MutableArithmetics is loaded but not imported in the active module Main.
│    Stacktrace:
│      [1] top-level scope
│        @ C:\Users\djh.eco\.julia\packages\SpineInterface\mumtf\src\update_model.jl:560
│      [2] include(mod::Module, _path::String)
│        @ Base .\Base.jl:557
│      [3] include(x::String)
│        @ SpineInterface C:\Users\djh.eco\.julia\packages\SpineInterface\mumtf\src\SpineInterface.jl:20
│      [4] macro expansion
│        @ C:\Users\djh.eco\.julia\packages\Requires\Z8rfN\src\Requires.jl:40 [inlined]
│      [5] top-level scope
│        @ C:\Users\djh.eco\.julia\packages\SpineInterface\mumtf\src\SpineInterface.jl:124
│      [6] eval
│        @ .\boot.jl:430 [inlined]
│      [7] eval
│        @ C:\Users\djh.eco\.julia\packages\SpineInterface\mumtf\src\SpineInterface.jl:20 [inlined]
│      [8] (::SpineInterface.var"#401#404")()
│        @ SpineInterface C:\Users\djh.eco\.julia\packages\Requires\Z8rfN\src\require.jl:101
│      [9] macro expansion
│        @ timing.jl:421 [inlined]
│     [10] err(f::Any, listener::Module, modname::String, file::String, line::Any)
│        @ Requires C:\Users\djh.eco\.julia\packages\Requires\Z8rfN\src\require.jl:47
│     [11] (::SpineInterface.var"#400#403")()
│        @ SpineInterface C:\Users\djh.eco\.julia\packages\Requires\Z8rfN\src\require.jl:100
│     [12] withpath(f::Any, path::String)
│        @ Requires C:\Users\djh.eco\.julia\packages\Requires\Z8rfN\src\require.jl:37
│     [13] (::SpineInterface.var"#399#402")()
│        @ SpineInterface C:\Users\djh.eco\.julia\packages\Requires\Z8rfN\src\require.jl:99
│     [14] #invokelatest#2
│        @ .\essentials.jl:1055 [inlined]
│     [15] invokelatest
│        @ .\essentials.jl:1052 [inlined]
│     [16] foreach(f::typeof(invokelatest), itr::Vector{Function})
│        @ Base .\abstractarray.jl:3187
│     [17] loadpkg(pkg::Base.PkgId)
│        @ Requires C:\Users\djh.eco\.julia\packages\Requires\Z8rfN\src\require.jl:27
│     [18] #invokelatest#2
│        @ .\essentials.jl:1055 [inlined]
│     [19] invokelatest
│        @ .\essentials.jl:1052 [inlined]
│     [20] run_package_callbacks(modkey::Base.PkgId)
│        @ Base .\loading.jl:1401
│     [21] _require_search_from_serialized(pkg::Base.PkgId, sourcepath::String, build_id::UInt128, stalecheck::Bool; reasons::Dict{String, Int64}, DEPOT_PATH::Vector{String})
│        @ Base .\loading.jl:2065
│     [22] _require(pkg::Base.PkgId, env::String)
│        @ Base .\loading.jl:2527
│     [23] __require_prelocked(uuidkey::Base.PkgId, env::String)
│        @ Base .\loading.jl:2388
│     [24] #invoke_in_world#3
│        @ .\essentials.jl:1089 [inlined]
│     [25] invoke_in_world
│        @ .\essentials.jl:1086 [inlined]
│     [26] _require_prelocked(uuidkey::Base.PkgId, env::String)
│        @ Base .\loading.jl:2375
│     [27] macro expansion
│        @ .\loading.jl:2314 [inlined]
│     [28] macro expansion
│        @ .\lock.jl:273 [inlined]
│     [29] __require(into::Module, mod::Symbol)
│        @ Base .\loading.jl:2271
│     [30] #invoke_in_world#3
│        @ .\essentials.jl:1089 [inlined]
│     [31] invoke_in_world
│        @ .\essentials.jl:1086 [inlined]
│     [32] require(into::Module, mod::Symbol)
│        @ Base .\loading.jl:2260
│     [33] include(fname::String)
│        @ Main .\sysimg.jl:38
│     [34] top-level scope
│        @ none:1
│     [35] eval(m::Module, e::Any)
│        @ Core .\boot.jl:430
│     [36] top-level scope
│        @ none:1
│     [37] eval
│        @ .\boot.jl:430 [inlined]
│     [38] eval_user_input(errio::IOContext{Base.PipeEndpoint}, ast::Any, show_value::Bool)
│        @ Base .\client.jl:147
│     [39] run_main_repl(interactive::Bool, quiet::Bool, banner::Symbol, history_file::Bool, color_set::Bool)
│        @ Base .\client.jl:483
│     [40] repl_main
│        @ .\client.jl:567 [inlined]
│     [41] _start()
│        @ Base .\client.jl:541
│    in expression starting at C:\Users\djh.eco\.julia\packages\SpineInterface\mumtf\src\update_model.jl:560
└ @ Requires C:\Users\djh.eco\.julia\packages\Requires\Z8rfN\src\require.jl:51
Running SpineOpt...
[SpineOpt version 0.8.3 (git hash: N/A)]
[SpineInterface version 0.14.8 (git hash: N/A)]
Execution started at 2025-03-21T09:13:07.674
Reading input data from sqlite:///C:\Users\djh.eco\OneDrive - CBS - Copenhagen Business School\Documents\GitHub\Nord_H2ub\Spine_Projects\02_basic_energy_model\.spinetoolbox\items\data_store\data store.sqlite...
Initializing base data structure from db... 13.474315 seconds (26.73 M allocations: 1.313 GiB, 1.63% gc time, 96.38% compilation time)
Preprocessing base data structure... 12.725997 seconds (16.59 M allocations: 824.913 MiB, 1.11% gc time, 99.58% compilation time)
Checking base data structure...  1.073503 seconds (1.14 M allocations: 57.305 MiB, 99.73% compilation time)
[ Info: the last time slice of temporal block Default_Investment_period has been cut to fit within the block
[ Info: the last time slice of temporal block daily has been cut to fit within the block
Creating model temporal structure... 43.178400 seconds (439.55 M allocations: 24.118 GiB, 34.79% gc time, 9.97% compilation time)
Creating model stochastic structure...  6.318002 seconds (10.16 M allocations: 833.892 MiB, 25.71% gc time, 93.09% compilation time)
Adding model variables...
- [variable_binary_gas_connection_flow]  1.603306 seconds (4.33 M allocations: 136.068 MiB, 94.74% compilation time)
- [variable_connection_flow]  5.563966 seconds (15.40 M allocations: 840.457 MiB, 88.83% compilation time)
- [variable_connection_intact_flow]  1.283211 seconds (5.30 M allocations: 232.630 MiB, 64.72% compilation time)
- [variable_connections_decommissioned]  1.314478 seconds (4.15 M allocations: 126.479 MiB, 91.72% compilation time)
- [variable_connections_invested]  1.204227 seconds (2.02 M allocations: 153.309 MiB, 74.67% gc time, 8.70% compilation time)
- [variable_connections_invested_available]  1.994366 seconds (7.00 M allocations: 394.666 MiB, 91.24% compilation time)
- [variable_min_capacity_margin_slack]  0.716238 seconds (3.67 M allocations: 103.150 MiB, 88.07% compilation time)
- [variable_node_injection]  0.982505 seconds (4.95 M allocations: 191.753 MiB, 84.45% compilation time)
- [variable_node_pressure]  0.597890 seconds (3.27 M allocations: 84.553 MiB, 83.50% compilation time)
- [variable_node_slack_neg]  0.583230 seconds (4.00 M allocations: 138.988 MiB, 72.91% compilation time)
- [variable_node_slack_pos]  0.178146 seconds (3.23 M allocations: 96.711 MiB, 5.56% compilation time)
- [variable_node_state]  1.654788 seconds (4.67 M allocations: 160.038 MiB, 33.93% gc time, 90.23% compilation time)
- [variable_node_voltage_angle]  0.663245 seconds (3.25 M allocations: 83.527 MiB, 87.09% compilation time)
- [variable_nonspin_units_shut_down]  0.859425 seconds (3.72 M allocations: 106.146 MiB, 88.10% compilation time)
- [variable_nonspin_units_started_up]  0.457115 seconds (3.14 M allocations: 77.779 MiB, 80.84% compilation time)
- [variable_storages_decommissioned]  1.005100 seconds (3.47 M allocations: 93.759 MiB, 89.25% compilation time)
- [variable_storages_invested]  0.320288 seconds (2.26 M allocations: 103.156 MiB, 67.05% compilation time)
- [variable_storages_invested_available]  0.278153 seconds (2.22 M allocations: 104.388 MiB, 60.14% compilation time)
- [variable_unit_flow]  5.843435 seconds (12.71 M allocations: 676.626 MiB, 57.30% gc time, 91.14% compilation time)
- [variable_unit_flow_op]  1.179118 seconds (5.04 M allocations: 180.080 MiB, 91.25% compilation time)
- [variable_unit_flow_op_active]  0.690024 seconds (3.67 M allocations: 111.785 MiB, 85.27% compilation time)
- [variable_units_invested]  1.111215 seconds (3.33 M allocations: 197.632 MiB, 86.66% compilation time)
- [variable_units_invested_available]  0.389686 seconds (2.73 M allocations: 172.739 MiB, 54.49% compilation time)
- [variable_units_mothballed]  0.130216 seconds (2.32 M allocations: 36.808 MiB, 38.25% compilation time)
- [variable_units_on]  0.991609 seconds (4.89 M allocations: 170.791 MiB, 86.44% compilation time)
- [variable_units_out_of_service]  0.813396 seconds (3.32 M allocations: 86.921 MiB, 27.05% gc time, 61.81% compilation time)
- [variable_units_returned_to_service]  0.172598 seconds (2.45 M allocations: 43.268 MiB, 56.81% compilation time)
- [variable_units_shut_down]  0.487035 seconds (3.18 M allocations: 81.737 MiB, 81.21% compilation time)
- [variable_units_started_up]  0.166651 seconds (2.43 M allocations: 44.124 MiB, 38.29% compilation time)
- [variable_units_taken_out_of_service]  0.092305 seconds (2.31 M allocations: 36.318 MiB, 10.55% compilation time)
- [variable_user_constraint_slack_neg]  0.579408 seconds (3.53 M allocations: 96.505 MiB, 85.66% compilation time)
- [variable_user_constraint_slack_pos]  0.098430 seconds (2.29 M allocations: 35.344 MiB, 10.25% compilation time)
 34.788949 seconds (135.34 M allocations: 5.136 GiB, 14.46% gc time, 82.45% compilation time)
Adding model expressions...
- [expression_capacity_margin]  0.240718 seconds (943.40 k allocations: 46.783 MiB, 99.90% compilation time)
  0.241331 seconds (943.47 k allocations: 46.787 MiB, 99.65% compilation time)
Adding model constraints...
- [constraint_candidate_connection_flow_lb]  0.533845 seconds (799.58 k allocations: 38.269 MiB, 99.81% compilation time)
- [constraint_candidate_connection_flow_ub]  0.117307 seconds (100.19 k allocations: 4.882 MiB, 99.71% compilation time)
- [constraint_compression_ratio]  0.235325 seconds (402.17 k allocations: 20.731 MiB, 99.93% compilation time)
- [constraint_connection_flow_capacity]  3.898695 seconds (12.72 M allocations: 798.133 MiB, 4.90% gc time, 82.43% compilation time)
- [constraint_connection_flow_gas_capacity]  0.184260 seconds (359.36 k allocations: 18.536 MiB, 99.89% compilation time)
- [constraint_connection_flow_intact_flow]  0.296036 seconds (571.26 k allocations: 27.237 MiB, 99.86% compilation time)
- [constraint_connection_flow_lodf]  0.349339 seconds (965.61 k allocations: 45.812 MiB, 99.85% compilation time)
- [constraint_connection_intact_flow_capacity]  0.304440 seconds (605.05 k allocations: 30.343 MiB, 99.82% compilation time)
- [constraint_connection_intact_flow_ptdf]  0.280687 seconds (611.81 k allocations: 30.198 MiB, 99.88% compilation time)
- [constraint_connection_lifetime] 14.536614 seconds (97.25 M allocations: 10.819 GiB, 46.29% gc time, 13.07% compilation time)
- [constraint_connection_unitary_gas_flow]  0.087677 seconds (335.47 k allocations: 16.582 MiB, 99.81% compilation time)
- [constraint_connections_invested_available]  0.456529 seconds (790.11 k allocations: 38.722 MiB, 99.57% compilation time)
- [constraint_connections_invested_transition]  1.251793 seconds (2.11 M allocations: 103.950 MiB, 99.28% compilation time)
- [constraint_cyclic_node_state]  0.272346 seconds (426.68 k allocations: 21.439 MiB, 99.83% compilation time)
- [constraint_fix_node_pressure_point]  0.243999 seconds (553.48 k allocations: 27.904 MiB, 99.92% compilation time)
- [constraint_fix_ratio_in_in_unit_flow]  3.368431 seconds (7.99 M allocations: 481.716 MiB, 90.30% compilation time)
- [constraint_fix_ratio_in_out_unit_flow]  0.087127 seconds (289.07 k allocations: 13.896 MiB, 99.51% compilation time)
- [constraint_fix_ratio_out_in_connection_flow]  1.572488 seconds (2.63 M allocations: 132.919 MiB, 98.85% compilation time)
- [constraint_fix_ratio_out_in_unit_flow]  0.005790 seconds (729 allocations: 41.750 KiB, 96.62% compilation time)
- [constraint_fix_ratio_out_out_unit_flow]  0.472222 seconds (1.21 M allocations: 93.810 MiB, 51.74% gc time, 24.47% compilation time)
- [constraint_investment_group_equal_investments]  0.250707 seconds (364.23 k allocations: 17.985 MiB, 99.87% compilation time)
- [constraint_investment_group_maximum_capacity_invested_available]  0.219808 seconds (438.29 k allocations: 20.913 MiB, 99.90% compilation time)
- [constraint_investment_group_maximum_entities_invested_available]  0.214402 seconds (437.53 k allocations: 21.639 MiB, 99.92% compilation time)
- [constraint_investment_group_minimum_capacity_invested_available]  0.181619 seconds (277.06 k allocations: 14.539 MiB, 99.91% compilation time)
- [constraint_investment_group_minimum_entities_invested_available]  0.185614 seconds (277.06 k allocations: 14.540 MiB, 99.91% compilation time)
- [constraint_max_node_pressure]  0.463017 seconds (812.09 k allocations: 40.825 MiB, 99.81% compilation time)
- [constraint_max_node_voltage_angle]  0.147281 seconds (173.32 k allocations: 8.796 MiB, 99.68% compilation time)
- [constraint_max_ratio_in_in_unit_flow]  0.015648 seconds (2.36 k allocations: 118.570 KiB, 98.48% compilation time)
- [constraint_max_ratio_in_out_unit_flow]  0.004416 seconds (729 allocations: 41.750 KiB, 96.08% compilation time)
- [constraint_max_ratio_out_in_connection_flow]  0.078789 seconds (206.38 k allocations: 10.028 MiB, 99.79% compilation time)
- [constraint_max_ratio_out_in_unit_flow]  0.004756 seconds (730 allocations: 41.844 KiB, 96.13% compilation time)
- [constraint_max_ratio_out_out_unit_flow]  0.005172 seconds (729 allocations: 41.750 KiB, 96.67% compilation time)
- [constraint_max_total_cumulated_unit_flow_from_node]  0.235814 seconds (634.06 k allocations: 32.048 MiB, 99.90% compilation time)
- [constraint_max_total_cumulated_unit_flow_to_node]  0.005817 seconds (627 allocations: 31.344 KiB, 97.79% compilation time)
- [constraint_min_capacity_margin]  0.100402 seconds (171.42 k allocations: 8.654 MiB, 99.83% compilation time)
- [constraint_min_down_time]  3.216368 seconds (9.14 M allocations: 658.227 MiB, 6.16% gc time, 74.89% compilation time)
- [constraint_min_node_pressure]  0.122503 seconds (140.71 k allocations: 7.120 MiB, 99.69% compilation time)
- [constraint_min_node_voltage_angle]  0.130000 seconds (140.77 k allocations: 7.124 MiB, 99.65% compilation time)
- [constraint_min_ratio_in_in_unit_flow]  0.013567 seconds (2.36 k allocations: 118.492 KiB, 97.83% compilation time)
- [constraint_min_ratio_in_out_unit_flow]  0.005291 seconds (730 allocations: 41.875 KiB, 96.34% compilation time)
- [constraint_min_ratio_out_in_connection_flow]  0.056800 seconds (68.97 k allocations: 3.506 MiB, 99.70% compilation time)
- [constraint_min_ratio_out_in_unit_flow]  0.004864 seconds (729 allocations: 41.750 KiB, 96.09% compilation time)
- [constraint_min_ratio_out_out_unit_flow]  0.006398 seconds (734 allocations: 46.094 KiB, 96.16% compilation time)
- [constraint_min_scheduled_outage_duration]  0.207505 seconds (377.89 k allocations: 19.315 MiB, 99.92% compilation time)
- [constraint_min_total_cumulated_unit_flow_from_node]  0.056041 seconds (68.97 k allocations: 3.494 MiB, 99.70% compilation time)
- [constraint_min_total_cumulated_unit_flow_to_node]  0.004368 seconds (627 allocations: 31.344 KiB, 97.65% compilation time)
- [constraint_min_up_time]  0.198691 seconds (281.60 k allocations: 14.229 MiB, 99.88% compilation time)
- [constraint_minimum_operating_point]  1.321746 seconds (2.62 M allocations: 143.814 MiB, 95.48% compilation time)
- [constraint_nodal_balance]  1.656343 seconds (5.45 M allocations: 299.867 MiB, 90.87% compilation time)
- [constraint_node_injection]  2.444584 seconds (12.62 M allocations: 718.841 MiB, 6.27% gc time, 72.88% compilation time)
- [constraint_node_state_capacity]  0.979559 seconds (4.04 M allocations: 218.679 MiB, 84.54% compilation time)
- [constraint_node_voltage_angle]  0.200705 seconds (312.45 k allocations: 15.789 MiB, 99.91% compilation time)
- [constraint_non_spinning_reserves_lower_bound]  0.263952 seconds (439.31 k allocations: 22.474 MiB, 99.85% compilation time)
- [constraint_non_spinning_reserves_shut_down_upper_bound]  0.188619 seconds (370.97 k allocations: 18.281 MiB, 99.68% compilation time)
- [constraint_non_spinning_reserves_start_up_upper_bound]  0.004843 seconds (1.17 k allocations: 58.531 KiB, 96.57% compilation time)
- [constraint_operating_point_bounds]136.525919 seconds (735.55 M allocations: 58.188 GiB, 17.75% gc time, 1.14% compilation time)
- [constraint_operating_point_rank]  0.410371 seconds (926.59 k allocations: 53.166 MiB, 96.45% compilation time)
- [constraint_ramp_down]  2.417877 seconds (6.27 M allocations: 368.119 MiB, 88.70% compilation time)
- [constraint_ramp_up]  1.536102 seconds (4.14 M allocations: 265.675 MiB, 78.00% compilation time)
- [constraint_ratio_out_in_connection_intact_flow]  0.201227 seconds (306.27 k allocations: 14.913 MiB, 99.78% compilation time)
- [constraint_storage_lifetime]  4.781002 seconds (34.57 M allocations: 3.912 GiB, 31.35% gc time, 25.76% compilation time)
- [constraint_storage_line_pack]  0.190431 seconds (315.47 k allocations: 16.006 MiB, 99.90% compilation time)
- [constraint_storages_invested_available]  0.400860 seconds (558.88 k allocations: 27.527 MiB, 99.74% compilation time)
- [constraint_storages_invested_transition]  0.410710 seconds (430.80 k allocations: 21.538 MiB, 99.32% compilation time)
- [constraint_unit_flow_capacity]  2.311946 seconds (6.70 M allocations: 383.285 MiB, 10.18% gc time, 75.91% compilation time)
- [constraint_unit_flow_op_bounds]  0.870768 seconds (1.53 M allocations: 91.020 MiB, 93.26% compilation time)
- [constraint_unit_flow_op_rank]  1.111645 seconds (1.33 M allocations: 78.493 MiB, 95.70% compilation time)
- [constraint_unit_flow_op_sum]  1.138060 seconds (1.45 M allocations: 75.327 MiB, 69.73% compilation time)
- [constraint_unit_lifetime] 13.377870 seconds (91.01 M allocations: 10.570 GiB, 49.85% gc time, 6.77% compilation time)
- [constraint_unit_pw_heat_rate]  0.263075 seconds (326.56 k allocations: 16.955 MiB, 99.93% compilation time)
- [constraint_unit_state_transition]  0.903752 seconds (1.52 M allocations: 80.808 MiB, 96.59% compilation time)
- [constraint_units_available]  1.384303 seconds (6.99 M allocations: 383.807 MiB, 70.50% compilation time)
- [constraint_units_invested_available]  0.313570 seconds (265.34 k allocations: 14.667 MiB, 99.63% compilation time)
- [constraint_units_invested_transition]  0.409858 seconds (435.75 k allocations: 21.779 MiB, 99.34% compilation time)
- [constraint_units_out_of_service_contiguity]  0.217073 seconds (256.19 k allocations: 12.993 MiB, 99.92% compilation time)
- [constraint_units_out_of_service_transition]  0.148645 seconds (232.80 k allocations: 11.633 MiB, 99.78% compilation time)
- [constraint_user_constraint]  5.915834 seconds (8.78 M allocations: 448.874 MiB, 96.32% compilation time)
220.315034 seconds (1.08 G allocations: 90.428 GiB, 18.40% gc time, 22.76% compilation time)
Setting model objective...  6.999549 seconds (15.31 M allocations: 803.498 MiB, 3.53% gc time, 91.40% compilation time)
Bringing model to the first window...  0.707076 seconds (6.10 M allocations: 203.138 MiB, 22.83% compilation time)
model - Window 1 of 1: 2019-01-01T00:00~(4 weeks, 2 days, 23 hours)~>2019-01-31T23:00
Optimizing model...Running HiGHS 1.9.0 (git hash: 66f735e60): Copyright (c) 2024 HiGHS under MIT licence terms
Coefficient ranges:
  Matrix [7e-04, 1e+03]
  Cost   [1e-03, 2e+09]
  Bound  [3e-01, 1e+03]
  RHS    [1e+00, 2e+01]
Presolving model
30255 rows, 48130 cols, 127968 nonzeros  0s
19347 rows, 33732 cols, 103181 nonzeros  0s
13733 rows, 29597 cols, 89857 nonzeros  0s
13730 rows, 29589 cols, 89836 nonzeros  1s
Solving MIP model with:
   13730 rows
   29589 cols (1478 binary, 327 integer, 0 implied int., 27784 continuous)
   89836 nonzeros
Src: B => Branching; C => Central rounding; F => Feasibility pump; H => Heuristic; L => Sub-MIP;
     P => Empty MIP; R => Randomized rounding; S => Solve LP; T => Evaluate node; U => Unbounded;
     z => Trivial zero; l => Trivial lower; u => Trivial upper; p => Trivial point
        Nodes      |    B&B Tree     |            Objective Bounds              |  Dynamic Constraints |       Work
Src  Proc. InQueue |  Leaves   Expl. | BestBound       BestSol              Gap |   Cuts   InLp Confl. | LpIters     Time
         0       0         0   0.00%   -51447992.55497 inf                  inf        0      0      0         0     1.3s
 T       0       0         0   0.00%   -51447992.55497 -13030543.0783   294.83%        0      0      0      5351     1.6s
         1       0         1 100.00%   -13030543.0783  -13030543.0783     0.00%        0      0      0      5351     1.6s
Solving report
  Status            Optimal
  Primal bound      -13030543.0783
  Dual bound        -13030543.0783
  Gap               0% (tolerance: 0%)
  P-D integral      0.000714167061225
  Solution status   feasible
                    -13030543.0783 (objective)
                    0 (bound viol.)
                    0 (int. viol.)
                    0 (row viol.)
  Timing            1.60 (total)
                    0.00 (presolve)
                    0.00 (solve)
                    0.00 (postsolve)
  Max sub-MIP depth 0
  Nodes             1
  Repair LPs        0 (0 feasible; 0 iterations)
  LP iterations     5351 (total)
                    0 (strong br.)
                    0 (separation)
                    0 (heuristics)
  7.271742 seconds (26.50 M allocations: 1.357 GiB, 3.21% gc time, 0.35% compilation time)
Optimal solution found, objective function value: -1.3030543078304086e7
Saving model results...  4.374415 seconds (7.75 M allocations: 361.635 MiB, 4.21% gc time, 91.57% compilation time)
Postprocessing model results...  0.000799 seconds (48 allocations: 3.312 KiB)
Saving model outputs...  3.334510 seconds (7.27 M allocations: 448.360 MiB, 93.87% compilation time)
model - Rolling temporal structure...
  0.000539 seconds (658 allocations: 31.266 KiB, 44.10% compilation time)
model ... Rolling complete
Writing report to sqlite:///C:\Users\djh.eco\OneDrive - CBS - Copenhagen Business School\Documents\GitHub\Nord_H2ub\Spine_Projects\02_basic_energy_model\.spinetoolbox\items\output\Output.sqlite?spinedbfilter=cfg%3Aexecution%3A%7B%22execution_item%22%3A+%22Run+SpineOpt%22%2C+%22scenarios%22%3A+%5B%5D%2C+%22timestamp%22%3A+%222025-03-21T09%3A12%3A19%22%7D...  3.923546 seconds (3.83 M allocations: 204.612 MiB, 4.89% gc time, 60.28% compilation time)
Execution complete. Started at 2025-03-21T09:13:07.674, ended at 2025-03-21T09:19:25.113, elapsed time: 6 minutes, 17 seconds, 439 milliseconds
A JuMP Model
├ solver: HiGHS
├ objective_sense: MIN_SENSE
│ └ objective_function_type: JuMP.AffExpr
├ num_variables: 100828
├ num_constraints: 1830016
│ ├ JuMP.AffExpr in MOI.EqualTo{Float64}: 29829
│ ├ JuMP.AffExpr in MOI.GreaterThan{Float64}: 3731
│ ├ JuMP.AffExpr in MOI.LessThan{Float64}: 1690341
│ ├ JuMP.VariableRef in MOI.EqualTo{Float64}: 23
│ ├ JuMP.VariableRef in MOI.GreaterThan{Float64}: 87381
│ ├ JuMP.VariableRef in MOI.LessThan{Float64}: 16385
│ └ JuMP.VariableRef in MOI.Integer: 2326
└ Names registered in the model: none
