### Spine execution log file
### Item name: Run SpineOpt
### Filter id: 
### Part: 1

# Running julia run_spineopt.jl http://127.0.0.1:54305 http://127.0.0.1:54311
2-element Vector{String}:
 "http://127.0.0.1:54305"
 "http://127.0.0.1:54311"
WARNING: using JuMP.parameter_value in module SpineInterface conflicts with an existing identifier.
WARNING: using JuMP.Parameter in module SpineInterface conflicts with an existing identifier.
WARNING: could not import JuMP.MutableArithmetics into SpineInterface
┌ Warning: Error requiring `JuMP` from `SpineInterface`
│   exception =
│    LoadError: UndefVarError: `MutableArithmetics` not defined in `SpineInterface`
│    Suggestion: check for spelling errors or missing imports.
│    Hint: MutableArithmetics is loaded but not imported in the active module Main.
│    Stacktrace:
│      [1] top-level scope
│        @ C:\Users\djh.eco\.julia\packages\SpineInterface\mumtf\src\update_model.jl:560
│      [2] include(mod::Module, _path::String)
│        @ Base .\Base.jl:557
│      [3] include(x::String)
│        @ SpineInterface C:\Users\djh.eco\.julia\packages\SpineInterface\mumtf\src\SpineInterface.jl:20
│      [4] macro expansion
│        @ C:\Users\djh.eco\.julia\packages\Requires\Z8rfN\src\Requires.jl:40 [inlined]
│      [5] top-level scope
│        @ C:\Users\djh.eco\.julia\packages\SpineInterface\mumtf\src\SpineInterface.jl:124
│      [6] eval
│        @ .\boot.jl:430 [inlined]
│      [7] eval
│        @ C:\Users\djh.eco\.julia\packages\SpineInterface\mumtf\src\SpineInterface.jl:20 [inlined]
│      [8] (::SpineInterface.var"#401#404")()
│        @ SpineInterface C:\Users\djh.eco\.julia\packages\Requires\Z8rfN\src\require.jl:101
│      [9] macro expansion
│        @ timing.jl:421 [inlined]
│     [10] err(f::Any, listener::Module, modname::String, file::String, line::Any)
│        @ Requires C:\Users\djh.eco\.julia\packages\Requires\Z8rfN\src\require.jl:47
│     [11] (::SpineInterface.var"#400#403")()
│        @ SpineInterface C:\Users\djh.eco\.julia\packages\Requires\Z8rfN\src\require.jl:100
│     [12] withpath(f::Any, path::String)
│        @ Requires C:\Users\djh.eco\.julia\packages\Requires\Z8rfN\src\require.jl:37
│     [13] (::SpineInterface.var"#399#402")()
│        @ SpineInterface C:\Users\djh.eco\.julia\packages\Requires\Z8rfN\src\require.jl:99
│     [14] #invokelatest#2
│        @ .\essentials.jl:1055 [inlined]
│     [15] invokelatest
│        @ .\essentials.jl:1052 [inlined]
│     [16] foreach(f::typeof(invokelatest), itr::Vector{Function})
│        @ Base .\abstractarray.jl:3187
│     [17] loadpkg(pkg::Base.PkgId)
│        @ Requires C:\Users\djh.eco\.julia\packages\Requires\Z8rfN\src\require.jl:27
│     [18] #invokelatest#2
│        @ .\essentials.jl:1055 [inlined]
│     [19] invokelatest
│        @ .\essentials.jl:1052 [inlined]
│     [20] run_package_callbacks(modkey::Base.PkgId)
│        @ Base .\loading.jl:1401
│     [21] _require_search_from_serialized(pkg::Base.PkgId, sourcepath::String, build_id::UInt128, stalecheck::Bool; reasons::Dict{String, Int64}, DEPOT_PATH::Vector{String})
│        @ Base .\loading.jl:2065
│     [22] _require(pkg::Base.PkgId, env::String)
│        @ Base .\loading.jl:2527
│     [23] __require_prelocked(uuidkey::Base.PkgId, env::String)
│        @ Base .\loading.jl:2388
│     [24] #invoke_in_world#3
│        @ .\essentials.jl:1089 [inlined]
│     [25] invoke_in_world
│        @ .\essentials.jl:1086 [inlined]
│     [26] _require_prelocked(uuidkey::Base.PkgId, env::String)
│        @ Base .\loading.jl:2375
│     [27] macro expansion
│        @ .\loading.jl:2314 [inlined]
│     [28] macro expansion
│        @ .\lock.jl:273 [inlined]
│     [29] __require(into::Module, mod::Symbol)
│        @ Base .\loading.jl:2271
│     [30] #invoke_in_world#3
│        @ .\essentials.jl:1089 [inlined]
│     [31] invoke_in_world
│        @ .\essentials.jl:1086 [inlined]
│     [32] require(into::Module, mod::Symbol)
│        @ Base .\loading.jl:2260
│     [33] include(fname::String)
│        @ Main .\sysimg.jl:38
│     [34] top-level scope
│        @ none:1
│     [35] eval(m::Module, e::Any)
│        @ Core .\boot.jl:430
│     [36] top-level scope
│        @ none:1
│     [37] eval
│        @ .\boot.jl:430 [inlined]
│     [38] eval_user_input(errio::IOContext{Base.PipeEndpoint}, ast::Any, show_value::Bool)
│        @ Base .\client.jl:147
│     [39] run_main_repl(interactive::Bool, quiet::Bool, banner::Symbol, history_file::Bool, color_set::Bool)
│        @ Base .\client.jl:483
│     [40] repl_main
│        @ .\client.jl:567 [inlined]
│     [41] _start()
│        @ Base .\client.jl:541
│    in expression starting at C:\Users\djh.eco\.julia\packages\SpineInterface\mumtf\src\update_model.jl:560
└ @ Requires C:\Users\djh.eco\.julia\packages\Requires\Z8rfN\src\require.jl:51
Running SpineOpt...
[SpineOpt version 0.8.3 (git hash: N/A)]
[SpineInterface version 0.14.8 (git hash: N/A)]
Execution started at 2025-01-17T16:45:22.577
Reading input data from sqlite:///C:\Users\djh.eco\OneDrive - CBS - Copenhagen Business School\Documents\GitHub\Nord_H2ub\Spine_Projects\02_basic_energy_model\.spinetoolbox\items\data_store\data store.sqlite...
Initializing base data structure from db... 12.879360 seconds (26.75 M allocations: 1.314 GiB, 1.52% gc time, 95.74% compilation time)
Preprocessing base data structure... 12.245096 seconds (16.58 M allocations: 824.732 MiB, 1.07% gc time, 99.60% compilation time)
Checking base data structure...  0.981096 seconds (1.15 M allocations: 57.867 MiB, 99.70% compilation time)
[ Info: the last time slice of temporal block Default_Investment_period has been cut to fit within the block
[ Info: the last time slice of temporal block daily has been cut to fit within the block
Creating Model temporal structure... 41.443145 seconds (440.08 M allocations: 24.109 GiB, 32.26% gc time, 9.88% compilation time)
Creating Model stochastic structure...  5.969909 seconds (10.15 M allocations: 833.530 MiB, 38.63% gc time, 57.42% compilation time)
Adding Model variables...
- [variable_binary_gas_connection_flow]  1.522251 seconds (4.33 M allocations: 136.084 MiB, 91.55% compilation time)
- [variable_connection_flow]  8.967446 seconds (19.83 M allocations: 1.001 GiB, 11.94% gc time, 90.75% compilation time)
- [variable_connection_intact_flow]  0.910129 seconds (4.92 M allocations: 205.705 MiB, 79.32% compilation time)
- [variable_connections_decommissioned]  1.237647 seconds (4.15 M allocations: 126.507 MiB, 90.79% compilation time)
- [variable_connections_invested]  0.262803 seconds (1.95 M allocations: 147.793 MiB, 46.54% compilation time)
- [variable_connections_invested_available]  2.105543 seconds (6.97 M allocations: 389.038 MiB, 17.96% gc time, 91.56% compilation time)
- [variable_min_capacity_margin_slack]  0.679771 seconds (3.67 M allocations: 103.430 MiB, 87.89% compilation time)
- [variable_node_injection]  0.947029 seconds (4.55 M allocations: 162.073 MiB, 86.44% compilation time)
- [variable_node_pressure]  0.509627 seconds (3.27 M allocations: 84.566 MiB, 84.03% compilation time)
- [variable_node_slack_neg]  0.498746 seconds (3.68 M allocations: 114.692 MiB, 76.77% compilation time)
- [variable_node_slack_pos]  0.125468 seconds (2.91 M allocations: 76.598 MiB, 5.31% compilation time)
- [variable_node_state]  1.313028 seconds (4.88 M allocations: 173.019 MiB, 89.06% compilation time)
- [variable_node_voltage_angle]  0.566476 seconds (3.25 M allocations: 83.522 MiB, 86.19% compilation time)
- [variable_nonspin_units_shut_down]  3.115397 seconds (3.72 M allocations: 106.139 MiB, 75.08% gc time, 97.70% compilation time)
- [variable_nonspin_units_started_up]  0.411569 seconds (3.14 M allocations: 77.802 MiB, 82.08% compilation time)
- [variable_storages_decommissioned]  0.799892 seconds (3.47 M allocations: 93.755 MiB, 90.06% compilation time)
- [variable_storages_invested]  0.315671 seconds (2.28 M allocations: 98.032 MiB, 68.84% compilation time)
- [variable_storages_invested_available]  0.291631 seconds (2.22 M allocations: 95.361 MiB, 61.99% compilation time)
- [variable_unit_flow]  4.530173 seconds (16.36 M allocations: 839.208 MiB, 84.43% compilation time)
- [variable_unit_flow_op]  1.371131 seconds (5.21 M allocations: 194.685 MiB, 15.77% gc time, 92.43% compilation time)
- [variable_unit_flow_op_active]  0.659285 seconds (3.92 M allocations: 132.530 MiB, 84.74% compilation time)
- [variable_units_invested]  1.097871 seconds (3.22 M allocations: 190.506 MiB, 87.87% compilation time)
- [variable_units_invested_available]  0.423285 seconds (2.60 M allocations: 163.952 MiB, 56.54% compilation time)
- [variable_units_mothballed]  0.143932 seconds (2.32 M allocations: 36.796 MiB, 36.20% compilation time)
- [variable_units_on]  0.959319 seconds (4.64 M allocations: 157.770 MiB, 88.27% compilation time)
- [variable_units_out_of_service]  0.561894 seconds (3.33 M allocations: 86.999 MiB, 85.41% compilation time)
- [variable_units_returned_to_service]  0.174982 seconds (2.45 M allocations: 43.288 MiB, 55.85% compilation time)
- [variable_units_shut_down]  0.451435 seconds (3.18 M allocations: 81.577 MiB, 82.24% compilation time)
- [variable_units_started_up]  0.325165 seconds (2.43 M allocations: 44.063 MiB, 59.63% gc time, 16.97% compilation time)
- [variable_units_taken_out_of_service]  0.077721 seconds (2.31 M allocations: 36.339 MiB, 14.16% compilation time)
- [variable_user_constraint_slack_neg]  0.556634 seconds (3.53 M allocations: 96.541 MiB, 86.24% compilation time)
- [variable_user_constraint_slack_pos]  0.089651 seconds (2.29 M allocations: 35.369 MiB, 7.90% compilation time)
 37.556863 seconds (144.36 M allocations: 5.492 GiB, 11.18% gc time, 86.75% compilation time)
Adding Model expressions...
- [expression_capacity_margin]  0.204159 seconds (943.37 k allocations: 46.723 MiB, 99.86% compilation time)
  0.204536 seconds (943.45 k allocations: 46.727 MiB, 99.68% compilation time)
Adding Model constraints...
- [constraint_candidate_connection_flow_lb]  0.476259 seconds (799.58 k allocations: 38.276 MiB, 99.84% compilation time)
- [constraint_candidate_connection_flow_ub]  0.104582 seconds (100.19 k allocations: 4.883 MiB, 99.69% compilation time)
- [constraint_compression_ratio]  0.181325 seconds (402.16 k allocations: 20.735 MiB, 99.90% compilation time)
- [constraint_connection_flow_capacity]  4.644989 seconds (18.91 M allocations: 1.020 GiB, 4.30% gc time, 81.94% compilation time)
- [constraint_connection_flow_gas_capacity]  0.225122 seconds (359.35 k allocations: 18.536 MiB, 99.92% compilation time)
- [constraint_connection_flow_intact_flow]  0.278893 seconds (571.26 k allocations: 27.242 MiB, 99.86% compilation time)
- [constraint_connection_flow_lodf]  0.378025 seconds (965.61 k allocations: 45.809 MiB, 99.86% compilation time)
- [constraint_connection_intact_flow_capacity]  0.301762 seconds (605.05 k allocations: 30.278 MiB, 99.82% compilation time)
- [constraint_connection_intact_flow_ptdf]  0.299128 seconds (611.82 k allocations: 30.246 MiB, 99.88% compilation time)
- [constraint_connection_lifetime] 11.726566 seconds (80.74 M allocations: 8.912 GiB, 43.91% gc time, 18.70% compilation time)
- [constraint_connection_unitary_gas_flow]  0.080846 seconds (335.48 k allocations: 16.584 MiB, 99.77% compilation time)
- [constraint_connections_invested_available]  0.422462 seconds (812.55 k allocations: 39.757 MiB, 99.19% compilation time)
- [constraint_connections_invested_transition]  1.154747 seconds (2.15 M allocations: 105.776 MiB, 99.09% compilation time)
- [constraint_cyclic_node_state]  0.260858 seconds (426.54 k allocations: 21.471 MiB, 99.86% compilation time)
- [constraint_fix_node_pressure_point]  0.202669 seconds (553.48 k allocations: 27.918 MiB, 99.92% compilation time)
- [constraint_fix_ratio_in_in_unit_flow]  3.151668 seconds (9.47 M allocations: 545.949 MiB, 88.27% compilation time)
- [constraint_fix_ratio_in_out_unit_flow]  0.079326 seconds (289.64 k allocations: 13.929 MiB, 99.35% compilation time)
- [constraint_fix_ratio_out_in_connection_flow]  1.351672 seconds (2.68 M allocations: 136.443 MiB, 98.52% compilation time)
- [constraint_fix_ratio_out_in_unit_flow]  0.008757 seconds (753 allocations: 43.250 KiB, 97.12% compilation time)
- [constraint_fix_ratio_out_out_unit_flow]  0.512346 seconds (2.16 M allocations: 135.708 MiB, 43.69% gc time, 26.34% compilation time)
- [constraint_investment_group_equal_investments]  0.245742 seconds (364.23 k allocations: 17.962 MiB, 99.83% compilation time)
- [constraint_investment_group_maximum_capacity_invested_available]  0.194696 seconds (438.27 k allocations: 20.891 MiB, 99.88% compilation time)
- [constraint_investment_group_maximum_entities_invested_available]  0.216079 seconds (437.53 k allocations: 21.634 MiB, 99.92% compilation time)
- [constraint_investment_group_minimum_capacity_invested_available]  0.186947 seconds (277.06 k allocations: 14.538 MiB, 99.91% compilation time)
- [constraint_investment_group_minimum_entities_invested_available]  0.192050 seconds (277.06 k allocations: 14.543 MiB, 99.91% compilation time)
- [constraint_max_node_pressure]  0.422307 seconds (812.06 k allocations: 40.782 MiB, 99.81% compilation time)
- [constraint_max_node_voltage_angle]  0.161312 seconds (173.28 k allocations: 8.794 MiB, 99.66% compilation time)
- [constraint_max_ratio_in_in_unit_flow]  0.018036 seconds (2.38 k allocations: 120.070 KiB, 98.50% compilation time)
- [constraint_max_ratio_in_out_unit_flow]  0.005550 seconds (753 allocations: 43.250 KiB, 95.86% compilation time)
- [constraint_max_ratio_out_in_connection_flow]  0.086803 seconds (206.37 k allocations: 10.051 MiB, 99.75% compilation time)
- [constraint_max_ratio_out_in_unit_flow]  0.006245 seconds (754 allocations: 43.344 KiB, 96.19% compilation time)
- [constraint_max_ratio_out_out_unit_flow]  0.005445 seconds (753 allocations: 43.250 KiB, 95.39% compilation time)
- [constraint_max_total_cumulated_unit_flow_from_node]  0.220711 seconds (634.05 k allocations: 32.050 MiB, 99.91% compilation time)
- [constraint_max_total_cumulated_unit_flow_to_node]  0.005531 seconds (611 allocations: 30.344 KiB, 98.19% compilation time)
- [constraint_min_capacity_margin]  0.101346 seconds (171.40 k allocations: 8.656 MiB, 99.83% compilation time)
- [constraint_min_down_time]  3.298400 seconds (16.11 M allocations: 954.142 MiB, 6.48% gc time, 66.85% compilation time)
- [constraint_min_node_pressure]  0.118148 seconds (140.68 k allocations: 7.119 MiB, 99.68% compilation time)
- [constraint_min_node_voltage_angle]  0.146399 seconds (140.73 k allocations: 7.123 MiB, 99.69% compilation time)
- [constraint_min_ratio_in_in_unit_flow]  0.017180 seconds (2.38 k allocations: 119.992 KiB, 98.35% compilation time)
- [constraint_min_ratio_in_out_unit_flow]  0.005847 seconds (754 allocations: 43.375 KiB, 95.86% compilation time)
- [constraint_min_ratio_out_in_connection_flow]  0.055655 seconds (68.96 k allocations: 3.503 MiB, 99.65% compilation time)
- [constraint_min_ratio_out_in_unit_flow]  0.006521 seconds (753 allocations: 43.250 KiB, 96.33% compilation time)
- [constraint_min_ratio_out_out_unit_flow]  0.005151 seconds (758 allocations: 47.594 KiB, 96.21% compilation time)
- [constraint_min_scheduled_outage_duration]  0.242337 seconds (377.88 k allocations: 19.313 MiB, 99.92% compilation time)
- [constraint_min_total_cumulated_unit_flow_from_node]  0.061598 seconds (68.95 k allocations: 3.493 MiB, 99.70% compilation time)
- [constraint_min_total_cumulated_unit_flow_to_node]  0.005662 seconds (611 allocations: 30.344 KiB, 97.70% compilation time)
- [constraint_min_up_time]  0.207659 seconds (281.59 k allocations: 14.258 MiB, 99.89% compilation time)
- [constraint_minimum_operating_point]  1.466251 seconds (2.91 M allocations: 156.883 MiB, 95.39% compilation time)
- [constraint_nodal_balance]  1.593186 seconds (5.57 M allocations: 288.536 MiB, 90.70% compilation time)
- [constraint_node_injection]  2.686828 seconds (16.55 M allocations: 823.786 MiB, 6.33% gc time, 62.82% compilation time)
- [constraint_node_state_capacity]  1.180859 seconds (3.54 M allocations: 186.828 MiB, 87.47% compilation time)
- [constraint_node_voltage_angle]  0.263090 seconds (312.45 k allocations: 15.751 MiB, 99.93% compilation time)
- [constraint_non_spinning_reserves_lower_bound]  0.330847 seconds (439.20 k allocations: 22.471 MiB, 99.91% compilation time)
- [constraint_non_spinning_reserves_shut_down_upper_bound]  0.217817 seconds (370.86 k allocations: 18.282 MiB, 99.73% compilation time)
- [constraint_non_spinning_reserves_start_up_upper_bound]  0.007151 seconds (1.05 k allocations: 53.266 KiB, 97.57% compilation time)
ERROR: LoadError: TaskFailedException
    nested task error: InterruptException:
    Stacktrace:
      [1] getproperty
        @ .\Base.jl:49 [inlined]
      [2] iterate
        @ .\generator.jl:45 [inlined]
      [3] iterate
        @ .\iterators.jl:1253 [inlined]
      [4] iterate
        @ .\iterators.jl:1247 [inlined]
      [5] iterate
        @ .\generator.jl:45 [inlined]
      [6] iterate
        @ .\iterators.jl:1251 [inlined]
      [7] iterate
        @ .\iterators.jl:1247 [inlined]
      [8] iterate(::Base.Iterators.Filter{SpineOpt.var"#1060#1062", Base.Iterators.Flatten{Base.Generator{Base.Iterators.Flatten{Base.Generator{Vector{Union{SpineInterface.ObjectClass, SpineInterface.RelationshipClass}}, SpineInterface.var"#275#276"{@Kwargs{unit::Vector{SpineInterface.Object}, node::Vector{SpineInterface.Object}, direction::SpineInterface.Object}, SpineInterface.Parameter}}}, SpineOpt.var"#1054#1055"{Int64, Vector{SpineInterface.Object}, Vector{SpineInterface.TimeSlice}, Vector{Union{Int64, SpineInterface.Object, SpineInterface.TimeSlice}}, JuMP.Model}}}})
        @ Base.Iterators .\iterators.jl:546
      [9] iterate
        @ .\generator.jl:45 [inlined]
     [10] macro expansion
        @ C:\Users\djh.eco\.julia\packages\MutableArithmetics\BLlgj\src\rewrite.jl:371 [inlined]
     [11] macro expansion
        @ C:\Users\djh.eco\.julia\packages\JuMP\CU7H5\src\macros.jl:264 [inlined]
     [12] macro expansion
        @ C:\Users\djh.eco\.julia\packages\JuMP\CU7H5\src\macros\@constraint.jl:264 [inlined]
     [13] _build_constraint_operating_point_bounds(m::JuMP.Model, u::SpineInterface.Object, n::SpineInterface.Object, d::SpineInterface.Object, op::Int64, s_path::Vector{SpineInterface.Object}, t::SpineInterface.TimeSlice)
        @ SpineOpt C:\Users\djh.eco\.julia\packages\SpineOpt\ZV0Yy\src\constraints\constraint_operating_point_bounds.jl:44
     [14] macro expansion
        @ C:\Users\djh.eco\.julia\packages\SpineOpt\ZV0Yy\src\constraints\constraint_common.jl:25 [inlined]
     [15] (::SpineOpt.var"#1944#threadsfor_fun#1139"{SpineOpt.var"#1944#threadsfor_fun#1138#1140"{JuMP.Model, typeof(SpineOpt._build_constraint_operating_point_bounds), Vector{Any}, Vector{@NamedTuple{unit::SpineInterface.Object, node::SpineInterface.Object, direction::SpineInterface.Object, i::Int64, stochastic_path::Vector{SpineInterface.Object}, t::SpineInterface.TimeSlice}}, Base.OneTo{Int64}}})(tid::Int64; onethread::Bool)
        @ SpineOpt .\threadingconstructs.jl:253
     [16] #1944#threadsfor_fun
        @ .\threadingconstructs.jl:220 [inlined]
     [17] (::Base.Threads.var"#1#2"{SpineOpt.var"#1944#threadsfor_fun#1139"{SpineOpt.var"#1944#threadsfor_fun#1138#1140"{JuMP.Model, typeof(SpineOpt._build_constraint_operating_point_bounds), Vector{Any}, Vector{@NamedTuple{unit::SpineInterface.Object, node::SpineInterface.Object, direction::SpineInterface.Object, i::Int64, stochastic_path::Vector{SpineInterface.Object}, t::SpineInterface.TimeSlice}}, Base.OneTo{Int64}}}, Int64})()
        @ Base.Threads .\threadingconstructs.jl:154
Stacktrace:
  [1] threading_run(fun::SpineOpt.var"#1944#threadsfor_fun#1139"{SpineOpt.var"#1944#threadsfor_fun#1138#1140"{JuMP.Model, typeof(SpineOpt._build_constraint_operating_point_bounds), Vector{Any}, Vector{@NamedTuple{unit::SpineInterface.Object, node::SpineInterface.Object, direction::SpineInterface.Object, i::Int64, stochastic_path::Vector{SpineInterface.Object}, t::SpineInterface.TimeSlice}}, Base.OneTo{Int64}}}, static::Bool)
    @ Base.Threads .\threadingconstructs.jl:173
  [2] macro expansion
    @ .\threadingconstructs.jl:190 [inlined]
  [3] _add_constraint!(m::JuMP.Model, name::Symbol, indices::typeof(SpineOpt.constraint_operating_point_bounds_indices), build_constraint::Function)
    @ SpineOpt C:\Users\djh.eco\.julia\packages\SpineOpt\ZV0Yy\src\constraints\constraint_common.jl:23
  [4] add_constraint_operating_point_bounds!(m::JuMP.Model)
    @ SpineOpt C:\Users\djh.eco\.julia\packages\SpineOpt\ZV0Yy\src\constraints\constraint_operating_point_bounds.jl:37
  [5] macro expansion
    @ .\timing.jl:581 [inlined]
  [6] macro expansion
    @ C:\Users\djh.eco\.julia\packages\SpineOpt\ZV0Yy\src\util\misc.jl:51 [inlined]
  [7] _add_constraints!(m::JuMP.Model; log_level::Int64)
    @ SpineOpt C:\Users\djh.eco\.julia\packages\SpineOpt\ZV0Yy\src\run_spineopt_basic.jl:243
  [8] _add_constraints!
    @ C:\Users\djh.eco\.julia\packages\SpineOpt\ZV0Yy\src\run_spineopt_basic.jl:162 [inlined]
  [9] macro expansion
    @ .\timing.jl:581 [inlined]
 [10] macro expansion
    @ C:\Users\djh.eco\.julia\packages\SpineOpt\ZV0Yy\src\util\misc.jl:51 [inlined]
 [11] build_model!(m::JuMP.Model; log_level::Int64)
    @ SpineOpt C:\Users\djh.eco\.julia\packages\SpineOpt\ZV0Yy\src\run_spineopt_basic.jl:77
 [12] build_model!
    @ C:\Users\djh.eco\.julia\packages\SpineOpt\ZV0Yy\src\run_spineopt_basic.jl:66 [inlined]
 [13] do_run_spineopt!(m::JuMP.Model, url_out::String, ::Val{:basic_algorithm}; log_level::Int64, optimize::Bool, update_names::Bool, alternative::String, write_as_roll::Int64, resume_file_path::Nothing)
    @ SpineOpt C:\Users\djh.eco\.julia\packages\SpineOpt\ZV0Yy\src\run_spineopt_basic.jl:31
 [14] #invokelatest#2
    @ .\essentials.jl:1057 [inlined]
 [15] invokelatest
    @ .\essentials.jl:1052 [inlined]
 [16] run_spineopt!(m::JuMP.Model, url_out::String; log_level::Int64, optimize::Bool, update_names::Bool, alternative::String, write_as_roll::Int64, resume_file_path::Nothing)
    @ SpineOpt C:\Users\djh.eco\.julia\packages\SpineOpt\ZV0Yy\src\run_spineopt.jl:311
 [17] run_spineopt!
    @ C:\Users\djh.eco\.julia\packages\SpineOpt\ZV0Yy\src\run_spineopt.jl:300 [inlined]
 [18] _run_spineopt(f::SpineOpt.var"#65#66", url_in::String, url_out::String; upgrade::Bool, filters::Dict{String, String}, templates::Tuple{}, mip_solver::Nothing, lp_solver::Nothing, use_direct_model::Bool, log_level::Int64, alternative::String, kwargs::@Kwargs{optimize::Bool, update_names::Bool, write_as_roll::Int64, resume_file_path::Nothing})
    @ SpineOpt C:\Users\djh.eco\.julia\packages\SpineOpt\ZV0Yy\src\run_spineopt.jl:142
 [19] #68
    @ C:\Users\djh.eco\.julia\packages\SpineOpt\ZV0Yy\src\run_spineopt.jl:99 [inlined]
 [20] _log_to_file
    @ C:\Users\djh.eco\.julia\packages\SpineOpt\ZV0Yy\src\util\misc.jl:225 [inlined]
 [21] #run_spineopt#67
    @ C:\Users\djh.eco\.julia\packages\SpineOpt\ZV0Yy\src\run_spineopt.jl:98 [inlined]
 [22] run_spineopt(f::Function, url_in::String, url_out::String)
    @ SpineOpt C:\Users\djh.eco\.julia\packages\SpineOpt\ZV0Yy\src\run_spineopt.jl:80
 [23] #run_spineopt#64
    @ C:\Users\djh.eco\.julia\packages\SpineOpt\ZV0Yy\src\run_spineopt.jl:64 [inlined]
 [24] run_spineopt(url_in::String, url_out::String)
    @ SpineOpt C:\Users\djh.eco\.julia\packages\SpineOpt\ZV0Yy\src\run_spineopt.jl:63
 [25] top-level scope
    @ C:\Users\djh.eco\.spinetoolbox\work\run_spineopt__ee360fbd66b94e73b9da914a5fdae97a__toolbox\run_spineopt.jl:3
 [26] include(fname::String)
    @ Main .\sysimg.jl:38
 [27] top-level scope
    @ none:1
in expression starting at C:\Users\djh.eco\.spinetoolbox\work\run_spineopt__ee360fbd66b94e73b9da914a5fdae97a__toolbox\run_spineopt.jl:3
